#
# A fatal error has been detected by the Java Runtime Environment:
#
#  Internal Error (os_windows_x86.cpp:143), pid=23384, tid=14020
#  guarantee(result == EXCEPTION_CONTINUE_EXECUTION) failed: Unexpected result from topLevelExceptionFilter
#
# JRE version: Java(TM) SE Runtime Environment (17.0.12+8) (build 17.0.12+8-LTS-286)
# Java VM: Java HotSpot(TM) 64-Bit Server VM (17.0.12+8-LTS-286, mixed mode, sharing, tiered, compressed oops, compressed class ptrs, g1 gc, windows-amd64)
# No core dump will be written. Minidumps are not enabled by default on client versions of Windows
#
# If you would like to submit a bug report, please visit:
#   https://bugreport.java.com/bugreport/crash.jsp
# The crash happened outside the Java Virtual Machine in native code.
# See problematic frame for where to report the bug.
#

---------------  S U M M A R Y ------------

Command Line: -Dfile.encoding=UTF8 -ea -Xmx1024m 

Host: Intel(R) Core(TM) i5-10400 CPU @ 2.90GHz, 12 cores, 15G,  Windows 10 , 64 bit Build 19041 (10.0.19041.5915)
Time: Mon Jun 15 11:23:28 2026 ´ëÇŃąÎ±ą ÇĄÁŘ˝Ă elapsed time: 492.895377 seconds (0d 0h 8m 12s)

---------------  T H R E A D  ---------------

Current thread (0x00000169b09ffe80):  JavaThread "Python Reference Queue" daemon [_thread_in_native, id=14020, stack(0x000000544cd10000,0x000000544cf00000)]

Stack: [0x000000544cd10000,0x000000544cf00000]
Native frames: (J=compiled Java code, j=interpreted, Vv=VM code, C=native code)
V  [jvm.dll+0x67a04a]
V  [jvm.dll+0x7da4ed]
V  [jvm.dll+0x7dbe33]
V  [jvm.dll+0x7dc457]
V  [jvm.dll+0x244fea]
V  [jvm.dll+0x679bbc]
C  [ntdll.dll+0xa296f]
C  [ntdll.dll+0x52554]
C  [ntdll.dll+0xa147e]
C  [tcl86t.dll+0xf814d]
C  [tcl86t.dll+0xf8182]
C  [tcl86t.dll+0x14ac4]
C  [tcl86t.dll+0x17613]
C  [_tkinter.pyd+0x3ec3]
C  [python310.dll+0x30dae]
C  [python310.dll+0x9ac30]
C  [python310.dll+0x9aa36]
C  [python310.dll+0x9adbd]
C  [python310.dll+0x9a861]
C  [python310.dll+0xf4e22]
C  [_jpype.pyd+0x1adc6]
C  [_jpype.pyd+0x257d7]
C  0x00000169a6a5d5d6

Java frames: (J=compiled Java code, j=interpreted, Vv=VM code)
j  org.jpype.ref.JPypeReferenceNative.wake()V+0
j  org.jpype.ref.JPypeReferenceQueue$Worker.run()V+42
j  java.lang.Thread.run()V+11 java.base@17.0.12
v  ~StubRoutines::call_stub

---------------  P R O C E S S  ---------------

Threads class SMR info:
_java_thread_list=0x0000016a0693de30, length=15, elements={
0x00000169fc0bdd60, 0x00000169fc0bc920, 0x00000169fc0c1000, 0x00000169fc0be780,
0x00000169fc0c2440, 0x00000169fc0bf1a0, 0x00000169fc0bfbc0, 0x00000169fc2534a0,
0x00000169fc2504d0, 0x00000169b0a008a0, 0x00000169b0a00db0, 0x00000169b0a012c0,
0x00000169b09ffe80, 0x0000016a06285d10, 0x0000016a06286d00
}

Java Threads: ( => current thread )
  0x00000169fc0bdd60 JavaThread "main" [_thread_in_native, id=8372, stack(0x0000005446200000,0x00000054463f0000)]
  0x00000169fc0bc920 JavaThread "Reference Handler" daemon [_thread_blocked, id=25908, stack(0x000000544b5d0000,0x000000544b7c0000)]
  0x00000169fc0c1000 JavaThread "Finalizer" daemon [_thread_blocked, id=21740, stack(0x000000544b7c0000,0x000000544b9b0000)]
  0x00000169fc0be780 JavaThread "Signal Dispatcher" daemon [_thread_blocked, id=22496, stack(0x000000544b9b0000,0x000000544bba0000)]
  0x00000169fc0c2440 JavaThread "Attach Listener" daemon [_thread_blocked, id=23132, stack(0x000000544bba0000,0x000000544bd90000)]
  0x00000169fc0bf1a0 JavaThread "Service Thread" daemon [_thread_blocked, id=24644, stack(0x000000544bd90000,0x000000544bf80000)]
  0x00000169fc0bfbc0 JavaThread "Monitor Deflation Thread" daemon [_thread_blocked, id=28096, stack(0x000000544bf80000,0x000000544c170000)]
  0x00000169fc2534a0 JavaThread "C2 CompilerThread0" daemon [_thread_blocked, id=20092, stack(0x000000544c170000,0x000000544c360000)]
  0x00000169fc2504d0 JavaThread "C1 CompilerThread0" daemon [_thread_blocked, id=19896, stack(0x000000544c360000,0x000000544c550000)]
  0x00000169b0a008a0 JavaThread "Sweeper thread" daemon [_thread_blocked, id=9752, stack(0x000000544c550000,0x000000544c740000)]
  0x00000169b0a00db0 JavaThread "Notification Thread" daemon [_thread_blocked, id=8364, stack(0x000000544c740000,0x000000544c930000)]
  0x00000169b0a012c0 JavaThread "Common-Cleaner" daemon [_thread_blocked, id=24728, stack(0x000000544cb20000,0x000000544cd10000)]
=>0x00000169b09ffe80 JavaThread "Python Reference Queue" daemon [_thread_in_native, id=14020, stack(0x000000544cd10000,0x000000544cf00000)]
  0x0000016a06285d10 JavaThread "C2 CompilerThread1" daemon [_thread_blocked, id=1668, stack(0x00000054471c0000,0x00000054473b0000)]
  0x0000016a06286d00 JavaThread "C2 CompilerThread2" daemon [_thread_blocked, id=13120, stack(0x000000544a650000,0x000000544a840000)]

Other Threads:
  0x00000169fc09d360 VMThread "VM Thread" [stack: 0x000000544b3e0000,0x000000544b5d0000] [id=16440]
  0x00000169fc2e4360 WatcherThread [stack: 0x000000544c930000,0x000000544cb20000] [id=17456]
  0x00000169fc77f1c0 GCTaskThread "GC Thread#0" [stack: 0x000000544aa30000,0x000000544ac20000] [id=21140]
  0x00000169fc7807c0 GCTaskThread "GC Thread#1" [stack: 0x000000544cf00000,0x000000544d0f0000] [id=14576]
  0x00000169fc77f740 GCTaskThread "GC Thread#2" [stack: 0x000000544d0f0000,0x000000544d2e0000] [id=2456]
  0x00000169fc77e400 GCTaskThread "GC Thread#3" [stack: 0x000000544d2e0000,0x000000544d4d0000] [id=9764]
  0x00000169fc77e6c0 GCTaskThread "GC Thread#4" [stack: 0x000000544d4d0000,0x000000544d6c0000] [id=23264]
  0x00000169fc781000 GCTaskThread "GC Thread#5" [stack: 0x000000544d6c0000,0x000000544d8b0000] [id=14012]
  0x00000169fc780240 GCTaskThread "GC Thread#6" [stack: 0x000000544dc90000,0x000000544de80000] [id=27812]
  0x00000169fc780500 GCTaskThread "GC Thread#7" [stack: 0x000000544de80000,0x000000544e070000] [id=25624]
  0x00000169fc77e140 GCTaskThread "GC Thread#8" [stack: 0x000000544daa0000,0x000000544dc90000] [id=15452]
  0x0000016a06282430 GCTaskThread "GC Thread#9" [stack: 0x000000544e830000,0x000000544ea20000] [id=18296]
  0x00000169fcbd15b0 ConcurrentGCThread "G1 Main Marker" [stack: 0x000000544ac20000,0x000000544ae10000] [id=25220]
  0x00000169fc77f480 ConcurrentGCThread "G1 Conc#0" [stack: 0x000000544ae10000,0x000000544b000000] [id=19116]
  0x00000169fc77e980 ConcurrentGCThread "G1 Conc#1" [stack: 0x000000544e070000,0x000000544e260000] [id=14492]
  0x00000169fc781dc0 ConcurrentGCThread "G1 Conc#2" [stack: 0x000000544e260000,0x000000544e450000] [id=5016]
  0x00000169fc8e1690 ConcurrentGCThread "G1 Refine#0" [stack: 0x000000544b000000,0x000000544b1f0000] [id=24300]
  0x00000169fc8e0200 ConcurrentGCThread "G1 Refine#1" [stack: 0x000000544e450000,0x000000544e640000] [id=21152]
  0x00000169fc8e10b0 ConcurrentGCThread "G1 Refine#2" [stack: 0x000000544e640000,0x000000544e830000] [id=8740]
  0x00000169fc22c7c0 ConcurrentGCThread "G1 Service" [stack: 0x000000544b1f0000,0x000000544b3e0000] [id=21480]

Threads with active compile tasks:

VM state: not at safepoint (normal execution)

VM Mutex/Monitor currently owned by a thread: None

Heap address: 0x00000000c0000000, size: 1024 MB, Compressed Oops mode: 32-bit

CDS archive(s) mapped at: [0x00000169b5000000-0x00000169b5bd0000-0x00000169b5bd0000), size 12386304, SharedBaseAddress: 0x00000169b5000000, ArchiveRelocationMode: 1.
Compressed class space mapped at: 0x00000169b6000000-0x00000169f6000000, reserved size: 1073741824
Narrow klass base: 0x00000169b5000000, Narrow klass shift: 0, Narrow klass range: 0x100000000

GC Precious Log:
 CPUs: 12 total, 12 available
 Memory: 16028M
 Large Page Support: Disabled
 NUMA Support: Disabled
 Compressed Oops: Enabled (32-bit)
 Heap Region Size: 1M
 Heap Min Capacity: 8M
 Heap Initial Capacity: 252M
 Heap Max Capacity: 1G
 Pre-touch: Disabled
 Parallel Workers: 10
 Concurrent Workers: 3
 Concurrent Refinement Workers: 10
 Periodic GC: Disabled

Heap:
 garbage-first heap   total 273408K, used 79110K [0x00000000c0000000, 0x0000000100000000)
  region size 1024K, 1 young (1024K), 0 survivors (0K)
 Metaspace       used 10047K, committed 10240K, reserved 1114112K
  class space    used 1509K, committed 1600K, reserved 1048576K

Heap Regions: E=young(eden), S=young(survivor), O=old, HS=humongous(starts), HC=humongous(continues), CS=collection set, F=free, OA=open archive, CA=closed archive, TAMS=top-at-mark-start (previous, next)
|   0|0x00000000c0000000, 0x00000000c00fffc0, 0x00000000c0100000| 99%| O|  |TAMS 0x00000000c00fffc0, 0x00000000c0000000| Untracked 
|   1|0x00000000c0100000, 0x00000000c01fffb8, 0x00000000c0200000| 99%| O|  |TAMS 0x00000000c01fffb8, 0x00000000c0100000| Untracked 
|   2|0x00000000c0200000, 0x00000000c02ffff8, 0x00000000c0300000| 99%| O|  |TAMS 0x00000000c02ffff8, 0x00000000c0200000| Untracked 
|   3|0x00000000c0300000, 0x00000000c0400000, 0x00000000c0400000|100%| O|  |TAMS 0x00000000c0400000, 0x00000000c0300000| Untracked 
|   4|0x00000000c0400000, 0x00000000c0500000, 0x00000000c0500000|100%| O|  |TAMS 0x00000000c0500000, 0x00000000c0400000| Untracked 
|   5|0x00000000c0500000, 0x00000000c05ffff8, 0x00000000c0600000| 99%| O|  |TAMS 0x00000000c05ffff8, 0x00000000c0500000| Untracked 
|   6|0x00000000c0600000, 0x00000000c06ffff0, 0x00000000c0700000| 99%| O|  |TAMS 0x00000000c06ffff0, 0x00000000c0600000| Untracked 
|   7|0x00000000c0700000, 0x00000000c07ffff0, 0x00000000c0800000| 99%| O|  |TAMS 0x00000000c07ffff0, 0x00000000c0700000| Untracked 
|   8|0x00000000c0800000, 0x00000000c08ffff8, 0x00000000c0900000| 99%| O|  |TAMS 0x00000000c08ffff8, 0x00000000c0800000| Untracked 
|   9|0x00000000c0900000, 0x00000000c09ffff8, 0x00000000c0a00000| 99%| O|  |TAMS 0x00000000c09ffff8, 0x00000000c0900000| Untracked 
|  10|0x00000000c0a00000, 0x00000000c0b00000, 0x00000000c0b00000|100%| O|  |TAMS 0x00000000c0b00000, 0x00000000c0a00000| Untracked 
|  11|0x00000000c0b00000, 0x00000000c0bffff8, 0x00000000c0c00000| 99%| O|  |TAMS 0x00000000c0bffff8, 0x00000000c0b00000| Untracked 
|  12|0x00000000c0c00000, 0x00000000c0cffff8, 0x00000000c0d00000| 99%| O|  |TAMS 0x00000000c0cffff8, 0x00000000c0c00000| Untracked 
|  13|0x00000000c0d00000, 0x00000000c0e00000, 0x00000000c0e00000|100%| O|  |TAMS 0x00000000c0e00000, 0x00000000c0d00000| Untracked 
|  14|0x00000000c0e00000, 0x00000000c0effff8, 0x00000000c0f00000| 99%| O|  |TAMS 0x00000000c0effff8, 0x00000000c0e00000| Untracked 
|  15|0x00000000c0f00000, 0x00000000c1000000, 0x00000000c1000000|100%|HS|  |TAMS 0x00000000c1000000, 0x00000000c0f00000| Untracked 
|  16|0x00000000c1000000, 0x00000000c1100000, 0x00000000c1100000|100%|HC|  |TAMS 0x00000000c1100000, 0x00000000c1000000| Untracked 
|  17|0x00000000c1100000, 0x00000000c1200000, 0x00000000c1200000|100%|HS|  |TAMS 0x00000000c1200000, 0x00000000c1100000| Untracked 
|  18|0x00000000c1200000, 0x00000000c1300000, 0x00000000c1300000|100%|HC|  |TAMS 0x00000000c1300000, 0x00000000c1200000| Untracked 
|  19|0x00000000c1300000, 0x00000000c1400000, 0x00000000c1400000|100%| O|  |TAMS 0x00000000c1400000, 0x00000000c1300000| Untracked 
|  20|0x00000000c1400000, 0x00000000c14fffe8, 0x00000000c1500000| 99%| O|  |TAMS 0x00000000c14fffe8, 0x00000000c1400000| Untracked 
|  21|0x00000000c1500000, 0x00000000c1600000, 0x00000000c1600000|100%|HS|  |TAMS 0x00000000c1600000, 0x00000000c1500000| Untracked 
|  22|0x00000000c1600000, 0x00000000c1700000, 0x00000000c1700000|100%|HS|  |TAMS 0x00000000c1700000, 0x00000000c1600000| Untracked 
|  23|0x00000000c1700000, 0x00000000c17ffff0, 0x00000000c1800000| 99%| O|  |TAMS 0x00000000c17ffff0, 0x00000000c1700000| Untracked 
|  24|0x00000000c1800000, 0x00000000c1900000, 0x00000000c1900000|100%|HS|  |TAMS 0x00000000c1900000, 0x00000000c1800000| Untracked 
|  25|0x00000000c1900000, 0x00000000c1a00000, 0x00000000c1a00000|100%|HC|  |TAMS 0x00000000c1a00000, 0x00000000c1900000| Untracked 
|  26|0x00000000c1a00000, 0x00000000c1b00000, 0x00000000c1b00000|100%|HS|  |TAMS 0x00000000c1b00000, 0x00000000c1a00000| Untracked 
|  27|0x00000000c1b00000, 0x00000000c1c00000, 0x00000000c1c00000|100%|HC|  |TAMS 0x00000000c1c00000, 0x00000000c1b00000| Untracked 
|  28|0x00000000c1c00000, 0x00000000c1d00000, 0x00000000c1d00000|100%| O|  |TAMS 0x00000000c1d00000, 0x00000000c1c00000| Untracked 
|  29|0x00000000c1d00000, 0x00000000c1e00000, 0x00000000c1e00000|100%| O|  |TAMS 0x00000000c1e00000, 0x00000000c1d00000| Untracked 
|  30|0x00000000c1e00000, 0x00000000c1f00000, 0x00000000c1f00000|100%|HS|  |TAMS 0x00000000c1f00000, 0x00000000c1e00000| Untracked 
|  31|0x00000000c1f00000, 0x00000000c2000000, 0x00000000c2000000|100%|HC|  |TAMS 0x00000000c2000000, 0x00000000c1f00000| Untracked 
|  32|0x00000000c2000000, 0x00000000c2100000, 0x00000000c2100000|100%|HS|  |TAMS 0x00000000c2100000, 0x00000000c2000000| Untracked 
|  33|0x00000000c2100000, 0x00000000c2200000, 0x00000000c2200000|100%|HC|  |TAMS 0x00000000c2200000, 0x00000000c2100000| Untracked 
|  34|0x00000000c2200000, 0x00000000c22ffff8, 0x00000000c2300000| 99%| O|  |TAMS 0x00000000c22ffff8, 0x00000000c2200000| Untracked 
|  35|0x00000000c2300000, 0x00000000c23ffff0, 0x00000000c2400000| 99%| O|  |TAMS 0x00000000c23ffff0, 0x00000000c2300000| Untracked 
|  36|0x00000000c2400000, 0x00000000c24ffff0, 0x00000000c2500000| 99%| O|  |TAMS 0x00000000c24ffff0, 0x00000000c2400000| Untracked 
|  37|0x00000000c2500000, 0x00000000c25ffff0, 0x00000000c2600000| 99%| O|  |TAMS 0x00000000c25ffff0, 0x00000000c2500000| Untracked 
|  38|0x00000000c2600000, 0x00000000c2700000, 0x00000000c2700000|100%| O|  |TAMS 0x00000000c2700000, 0x00000000c2600000| Untracked 
|  39|0x00000000c2700000, 0x00000000c2800000, 0x00000000c2800000|100%| O|  |TAMS 0x00000000c2800000, 0x00000000c2700000| Untracked 
|  40|0x00000000c2800000, 0x00000000c2900000, 0x00000000c2900000|100%|HS|  |TAMS 0x00000000c2900000, 0x00000000c2800000| Untracked 
|  41|0x00000000c2900000, 0x00000000c29ffff0, 0x00000000c2a00000| 99%| O|  |TAMS 0x00000000c29ffff0, 0x00000000c2900000| Untracked 
|  42|0x00000000c2a00000, 0x00000000c2b00000, 0x00000000c2b00000|100%| O|  |TAMS 0x00000000c2b00000, 0x00000000c2a00000| Untracked 
|  43|0x00000000c2b00000, 0x00000000c2c00000, 0x00000000c2c00000|100%| O|  |TAMS 0x00000000c2c00000, 0x00000000c2b00000| Untracked 
|  44|0x00000000c2c00000, 0x00000000c2d00000, 0x00000000c2d00000|100%| O|  |TAMS 0x00000000c2d00000, 0x00000000c2c00000| Untracked 
|  45|0x00000000c2d00000, 0x00000000c2e00000, 0x00000000c2e00000|100%| O|  |TAMS 0x00000000c2e00000, 0x00000000c2d00000| Untracked 
|  46|0x00000000c2e00000, 0x00000000c2effff0, 0x00000000c2f00000| 99%| O|  |TAMS 0x00000000c2effff0, 0x00000000c2e00000| Untracked 
|  47|0x00000000c2f00000, 0x00000000c2fffff0, 0x00000000c3000000| 99%| O|  |TAMS 0x00000000c2f00000, 0x00000000c2f00000| Untracked 
|  48|0x00000000c3000000, 0x00000000c30ffff8, 0x00000000c3100000| 99%| O|  |TAMS 0x00000000c3000000, 0x00000000c3000000| Untracked 
|  49|0x00000000c3100000, 0x00000000c31ffff8, 0x00000000c3200000| 99%| O|  |TAMS 0x00000000c3100000, 0x00000000c3100000| Untracked 
|  50|0x00000000c3200000, 0x00000000c32fce30, 0x00000000c3300000| 98%| O|  |TAMS 0x00000000c32fce30, 0x00000000c3200000| Untracked 
|  51|0x00000000c3300000, 0x00000000c33ffff0, 0x00000000c3400000| 99%| O|  |TAMS 0x00000000c3300000, 0x00000000c3300000| Untracked 
|  52|0x00000000c3400000, 0x00000000c34ffff8, 0x00000000c3500000| 99%| O|  |TAMS 0x00000000c3400000, 0x00000000c3400000| Untracked 
|  53|0x00000000c3500000, 0x00000000c35ffff8, 0x00000000c3600000| 99%| O|  |TAMS 0x00000000c3500000, 0x00000000c3500000| Untracked 
|  54|0x00000000c3600000, 0x00000000c36ffff0, 0x00000000c3700000| 99%| O|  |TAMS 0x00000000c3600000, 0x00000000c3600000| Untracked 
|  55|0x00000000c3700000, 0x00000000c37ffff8, 0x00000000c3800000| 99%| O|  |TAMS 0x00000000c3700000, 0x00000000c3700000| Untracked 
|  56|0x00000000c3800000, 0x00000000c3900000, 0x00000000c3900000|100%| O|  |TAMS 0x00000000c3800000, 0x00000000c3800000| Untracked 
|  57|0x00000000c3900000, 0x00000000c39ffff8, 0x00000000c3a00000| 99%| O|  |TAMS 0x00000000c3900000, 0x00000000c3900000| Untracked 
|  58|0x00000000c3a00000, 0x00000000c3b00000, 0x00000000c3b00000|100%| O|  |TAMS 0x00000000c3a00000, 0x00000000c3a00000| Untracked 
|  59|0x00000000c3b00000, 0x00000000c3bffff0, 0x00000000c3c00000| 99%| O|  |TAMS 0x00000000c3b00000, 0x00000000c3b00000| Untracked 
|  60|0x00000000c3c00000, 0x00000000c3d00000, 0x00000000c3d00000|100%| O|  |TAMS 0x00000000c3c00000, 0x00000000c3c00000| Untracked 
|  61|0x00000000c3d00000, 0x00000000c3dffff8, 0x00000000c3e00000| 99%| O|  |TAMS 0x00000000c3d00000, 0x00000000c3d00000| Untracked 
|  62|0x00000000c3e00000, 0x00000000c3effff0, 0x00000000c3f00000| 99%| O|  |TAMS 0x00000000c3e00000, 0x00000000c3e00000| Untracked 
|  63|0x00000000c3f00000, 0x00000000c3fffff8, 0x00000000c4000000| 99%| O|  |TAMS 0x00000000c3f00000, 0x00000000c3f00000| Untracked 
|  64|0x00000000c4000000, 0x00000000c4100000, 0x00000000c4100000|100%| O|  |TAMS 0x00000000c4000000, 0x00000000c4000000| Untracked 
|  65|0x00000000c4100000, 0x00000000c4200000, 0x00000000c4200000|100%| O|  |TAMS 0x00000000c4200000, 0x00000000c4100000| Untracked 
|  66|0x00000000c4200000, 0x00000000c4300000, 0x00000000c4300000|100%| O|  |TAMS 0x00000000c4300000, 0x00000000c4200000| Untracked 
|  67|0x00000000c4300000, 0x00000000c4400000, 0x00000000c4400000|100%| O|  |TAMS 0x00000000c4300000, 0x00000000c4300000| Untracked 
|  68|0x00000000c4400000, 0x00000000c44ffff8, 0x00000000c4500000| 99%| O|  |TAMS 0x00000000c4400000, 0x00000000c4400000| Untracked 
|  69|0x00000000c4500000, 0x00000000c45fffe8, 0x00000000c4600000| 99%| O|  |TAMS 0x00000000c4500000, 0x00000000c4500000| Untracked 
|  70|0x00000000c4600000, 0x00000000c46e8f40, 0x00000000c4700000| 90%| O|  |TAMS 0x00000000c4600000, 0x00000000c4600000| Untracked 
|  71|0x00000000c4700000, 0x00000000c47c0c98, 0x00000000c4800000| 75%| O|  |TAMS 0x00000000c4700000, 0x00000000c4700000| Untracked 
|  72|0x00000000c4800000, 0x00000000c48b5550, 0x00000000c4900000| 70%| O|  |TAMS 0x00000000c4800000, 0x00000000c4800000| Untracked 
|  73|0x00000000c4900000, 0x00000000c4900000, 0x00000000c4a00000|  0%| F|  |TAMS 0x00000000c4900000, 0x00000000c4900000| Untracked 
|  74|0x00000000c4a00000, 0x00000000c4a00000, 0x00000000c4b00000|  0%| F|  |TAMS 0x00000000c4a00000, 0x00000000c4a00000| Untracked 
|  75|0x00000000c4b00000, 0x00000000c4b00000, 0x00000000c4c00000|  0%| F|  |TAMS 0x00000000c4b00000, 0x00000000c4b00000| Untracked 
|  76|0x00000000c4c00000, 0x00000000c4c00000, 0x00000000c4d00000|  0%| F|  |TAMS 0x00000000c4c00000, 0x00000000c4c00000| Untracked 
|  77|0x00000000c4d00000, 0x00000000c4d00000, 0x00000000c4e00000|  0%| F|  |TAMS 0x00000000c4d00000, 0x00000000c4d00000| Untracked 
|  78|0x00000000c4e00000, 0x00000000c4e00000, 0x00000000c4f00000|  0%| F|  |TAMS 0x00000000c4e00000, 0x00000000c4e00000| Untracked 
|  79|0x00000000c4f00000, 0x00000000c4f00000, 0x00000000c5000000|  0%| F|  |TAMS 0x00000000c4f00000, 0x00000000c4f00000| Untracked 
|  80|0x00000000c5000000, 0x00000000c5000000, 0x00000000c5100000|  0%| F|  |TAMS 0x00000000c5000000, 0x00000000c5000000| Untracked 
|  81|0x00000000c5100000, 0x00000000c5100000, 0x00000000c5200000|  0%| F|  |TAMS 0x00000000c5100000, 0x00000000c5100000| Untracked 
|  82|0x00000000c5200000, 0x00000000c5200000, 0x00000000c5300000|  0%| F|  |TAMS 0x00000000c5200000, 0x00000000c5200000| Untracked 
|  83|0x00000000c5300000, 0x00000000c5300000, 0x00000000c5400000|  0%| F|  |TAMS 0x00000000c5300000, 0x00000000c5300000| Untracked 
|  84|0x00000000c5400000, 0x00000000c54f4880, 0x00000000c5500000| 95%| O|  |TAMS 0x00000000c5400000, 0x00000000c5400000| Untracked 
|  85|0x00000000c5500000, 0x00000000c5579a88, 0x00000000c5600000| 47%| O|  |TAMS 0x00000000c5500000, 0x00000000c5500000| Untracked 
|  86|0x00000000c5600000, 0x00000000c56ffff0, 0x00000000c5700000| 99%| O|  |TAMS 0x00000000c56ffff0, 0x00000000c5600000| Untracked 
|  87|0x00000000c5700000, 0x00000000c57176e8, 0x00000000c5800000|  9%| O|  |TAMS 0x00000000c5700000, 0x00000000c5700000| Untracked 
|  88|0x00000000c5800000, 0x00000000c58ffff8, 0x00000000c5900000| 99%| O|  |TAMS 0x00000000c58ffff8, 0x00000000c5800000| Untracked 
|  89|0x00000000c5900000, 0x00000000c5900000, 0x00000000c5a00000|  0%| F|  |TAMS 0x00000000c5900000, 0x00000000c5900000| Untracked 
|  90|0x00000000c5a00000, 0x00000000c5a60440, 0x00000000c5b00000| 37%| O|  |TAMS 0x00000000c5a00000, 0x00000000c5a00000| Untracked 
|  91|0x00000000c5b00000, 0x00000000c5b00000, 0x00000000c5c00000|  0%| F|  |TAMS 0x00000000c5b00000, 0x00000000c5b00000| Untracked 
|  92|0x00000000c5c00000, 0x00000000c5c00000, 0x00000000c5d00000|  0%| F|  |TAMS 0x00000000c5c00000, 0x00000000c5c00000| Untracked 
|  93|0x00000000c5d00000, 0x00000000c5d00000, 0x00000000c5e00000|  0%| F|  |TAMS 0x00000000c5d00000, 0x00000000c5d00000| Untracked 
|  94|0x00000000c5e00000, 0x00000000c5e00000, 0x00000000c5f00000|  0%| F|  |TAMS 0x00000000c5e00000, 0x00000000c5e00000| Untracked 
|  95|0x00000000c5f00000, 0x00000000c5f00000, 0x00000000c6000000|  0%| F|  |TAMS 0x00000000c5f00000, 0x00000000c5f00000| Untracked 
|  96|0x00000000c6000000, 0x00000000c6000000, 0x00000000c6100000|  0%| F|  |TAMS 0x00000000c6000000, 0x00000000c6000000| Untracked 
|  97|0x00000000c6100000, 0x00000000c6100000, 0x00000000c6200000|  0%| F|  |TAMS 0x00000000c6100000, 0x00000000c6100000| Untracked 
|  98|0x00000000c6200000, 0x00000000c6200000, 0x00000000c6300000|  0%| F|  |TAMS 0x00000000c6200000, 0x00000000c6200000| Untracked 
|  99|0x00000000c6300000, 0x00000000c6300000, 0x00000000c6400000|  0%| F|  |TAMS 0x00000000c6300000, 0x00000000c6300000| Untracked 
| 100|0x00000000c6400000, 0x00000000c6400000, 0x00000000c6500000|  0%| F|  |TAMS 0x00000000c6400000, 0x00000000c6400000| Untracked 
| 101|0x00000000c6500000, 0x00000000c6500000, 0x00000000c6600000|  0%| F|  |TAMS 0x00000000c6500000, 0x00000000c6500000| Untracked 
| 102|0x00000000c6600000, 0x00000000c6600000, 0x00000000c6700000|  0%| F|  |TAMS 0x00000000c6600000, 0x00000000c6600000| Untracked 
| 103|0x00000000c6700000, 0x00000000c6700000, 0x00000000c6800000|  0%| F|  |TAMS 0x00000000c6700000, 0x00000000c6700000| Untracked 
| 104|0x00000000c6800000, 0x00000000c6800000, 0x00000000c6900000|  0%| F|  |TAMS 0x00000000c6800000, 0x00000000c6800000| Untracked 
| 105|0x00000000c6900000, 0x00000000c6900000, 0x00000000c6a00000|  0%| F|  |TAMS 0x00000000c6900000, 0x00000000c6900000| Untracked 
| 106|0x00000000c6a00000, 0x00000000c6a00000, 0x00000000c6b00000|  0%| F|  |TAMS 0x00000000c6a00000, 0x00000000c6a00000| Untracked 
| 107|0x00000000c6b00000, 0x00000000c6b00000, 0x00000000c6c00000|  0%| F|  |TAMS 0x00000000c6b00000, 0x00000000c6b00000| Untracked 
| 108|0x00000000c6c00000, 0x00000000c6c00000, 0x00000000c6d00000|  0%| F|  |TAMS 0x00000000c6c00000, 0x00000000c6c00000| Untracked 
| 109|0x00000000c6d00000, 0x00000000c6d00000, 0x00000000c6e00000|  0%| F|  |TAMS 0x00000000c6d00000, 0x00000000c6d00000| Untracked 
| 110|0x00000000c6e00000, 0x00000000c6e00000, 0x00000000c6f00000|  0%| F|  |TAMS 0x00000000c6e00000, 0x00000000c6e00000| Untracked 
| 111|0x00000000c6f00000, 0x00000000c6f00000, 0x00000000c7000000|  0%| F|  |TAMS 0x00000000c6f00000, 0x00000000c6f00000| Untracked 
| 112|0x00000000c7000000, 0x00000000c7000000, 0x00000000c7100000|  0%| F|  |TAMS 0x00000000c7000000, 0x00000000c7000000| Untracked 
| 113|0x00000000c7100000, 0x00000000c7100000, 0x00000000c7200000|  0%| F|  |TAMS 0x00000000c7100000, 0x00000000c7100000| Untracked 
| 114|0x00000000c7200000, 0x00000000c7200000, 0x00000000c7300000|  0%| F|  |TAMS 0x00000000c7200000, 0x00000000c7200000| Untracked 
| 115|0x00000000c7300000, 0x00000000c7300000, 0x00000000c7400000|  0%| F|  |TAMS 0x00000000c7300000, 0x00000000c7300000| Untracked 
| 116|0x00000000c7400000, 0x00000000c7400000, 0x00000000c7500000|  0%| F|  |TAMS 0x00000000c7400000, 0x00000000c7400000| Untracked 
| 117|0x00000000c7500000, 0x00000000c7500000, 0x00000000c7600000|  0%| F|  |TAMS 0x00000000c7500000, 0x00000000c7500000| Untracked 
| 118|0x00000000c7600000, 0x00000000c7600000, 0x00000000c7700000|  0%| F|  |TAMS 0x00000000c7600000, 0x00000000c7600000| Untracked 
| 119|0x00000000c7700000, 0x00000000c7700000, 0x00000000c7800000|  0%| F|  |TAMS 0x00000000c7700000, 0x00000000c7700000| Untracked 
| 120|0x00000000c7800000, 0x00000000c7800000, 0x00000000c7900000|  0%| F|  |TAMS 0x00000000c7800000, 0x00000000c7800000| Untracked 
| 121|0x00000000c7900000, 0x00000000c7900000, 0x00000000c7a00000|  0%| F|  |TAMS 0x00000000c7900000, 0x00000000c7900000| Untracked 
| 122|0x00000000c7a00000, 0x00000000c7a00000, 0x00000000c7b00000|  0%| F|  |TAMS 0x00000000c7a00000, 0x00000000c7a00000| Untracked 
| 123|0x00000000c7b00000, 0x00000000c7b00000, 0x00000000c7c00000|  0%| F|  |TAMS 0x00000000c7b00000, 0x00000000c7b00000| Untracked 
| 124|0x00000000c7c00000, 0x00000000c7c00000, 0x00000000c7d00000|  0%| F|  |TAMS 0x00000000c7c00000, 0x00000000c7c00000| Untracked 
| 125|0x00000000c7d00000, 0x00000000c7d00000, 0x00000000c7e00000|  0%| F|  |TAMS 0x00000000c7d00000, 0x00000000c7d00000| Untracked 
| 126|0x00000000c7e00000, 0x00000000c7e00000, 0x00000000c7f00000|  0%| F|  |TAMS 0x00000000c7e00000, 0x00000000c7e00000| Untracked 
| 127|0x00000000c7f00000, 0x00000000c7f00000, 0x00000000c8000000|  0%| F|  |TAMS 0x00000000c7f00000, 0x00000000c7f00000| Untracked 
| 128|0x00000000c8000000, 0x00000000c8000000, 0x00000000c8100000|  0%| F|  |TAMS 0x00000000c8000000, 0x00000000c8000000| Untracked 
| 129|0x00000000c8100000, 0x00000000c8100000, 0x00000000c8200000|  0%| F|  |TAMS 0x00000000c8100000, 0x00000000c8100000| Untracked 
| 130|0x00000000c8200000, 0x00000000c8200000, 0x00000000c8300000|  0%| F|  |TAMS 0x00000000c8200000, 0x00000000c8200000| Untracked 
| 131|0x00000000c8300000, 0x00000000c8300000, 0x00000000c8400000|  0%| F|  |TAMS 0x00000000c8300000, 0x00000000c8300000| Untracked 
| 132|0x00000000c8400000, 0x00000000c8400000, 0x00000000c8500000|  0%| F|  |TAMS 0x00000000c8400000, 0x00000000c8400000| Untracked 
| 133|0x00000000c8500000, 0x00000000c8500000, 0x00000000c8600000|  0%| F|  |TAMS 0x00000000c8500000, 0x00000000c8500000| Untracked 
| 134|0x00000000c8600000, 0x00000000c8600000, 0x00000000c8700000|  0%| F|  |TAMS 0x00000000c8600000, 0x00000000c8600000| Untracked 
| 135|0x00000000c8700000, 0x00000000c8700000, 0x00000000c8800000|  0%| F|  |TAMS 0x00000000c8700000, 0x00000000c8700000| Untracked 
| 136|0x00000000c8800000, 0x00000000c8800000, 0x00000000c8900000|  0%| F|  |TAMS 0x00000000c8800000, 0x00000000c8800000| Untracked 
| 137|0x00000000c8900000, 0x00000000c8900000, 0x00000000c8a00000|  0%| F|  |TAMS 0x00000000c8900000, 0x00000000c8900000| Untracked 
| 138|0x00000000c8a00000, 0x00000000c8a00000, 0x00000000c8b00000|  0%| F|  |TAMS 0x00000000c8a00000, 0x00000000c8a00000| Untracked 
| 139|0x00000000c8b00000, 0x00000000c8b00000, 0x00000000c8c00000|  0%| F|  |TAMS 0x00000000c8b00000, 0x00000000c8b00000| Untracked 
| 140|0x00000000c8c00000, 0x00000000c8c00000, 0x00000000c8d00000|  0%| F|  |TAMS 0x00000000c8c00000, 0x00000000c8c00000| Untracked 
| 141|0x00000000c8d00000, 0x00000000c8d00000, 0x00000000c8e00000|  0%| F|  |TAMS 0x00000000c8d00000, 0x00000000c8d00000| Untracked 
| 142|0x00000000c8e00000, 0x00000000c8e00000, 0x00000000c8f00000|  0%| F|  |TAMS 0x00000000c8e00000, 0x00000000c8e00000| Untracked 
| 143|0x00000000c8f00000, 0x00000000c8f00000, 0x00000000c9000000|  0%| F|  |TAMS 0x00000000c8f00000, 0x00000000c8f00000| Untracked 
| 144|0x00000000c9000000, 0x00000000c9000000, 0x00000000c9100000|  0%| F|  |TAMS 0x00000000c9000000, 0x00000000c9000000| Untracked 
| 145|0x00000000c9100000, 0x00000000c9100000, 0x00000000c9200000|  0%| F|  |TAMS 0x00000000c9100000, 0x00000000c9100000| Untracked 
| 146|0x00000000c9200000, 0x00000000c9200000, 0x00000000c9300000|  0%| F|  |TAMS 0x00000000c9200000, 0x00000000c9200000| Untracked 
| 147|0x00000000c9300000, 0x00000000c9300000, 0x00000000c9400000|  0%| F|  |TAMS 0x00000000c9300000, 0x00000000c9300000| Untracked 
| 148|0x00000000c9400000, 0x00000000c9400000, 0x00000000c9500000|  0%| F|  |TAMS 0x00000000c9400000, 0x00000000c9400000| Untracked 
| 149|0x00000000c9500000, 0x00000000c9500000, 0x00000000c9600000|  0%| F|  |TAMS 0x00000000c9500000, 0x00000000c9500000| Untracked 
| 150|0x00000000c9600000, 0x00000000c9600000, 0x00000000c9700000|  0%| F|  |TAMS 0x00000000c9600000, 0x00000000c9600000| Untracked 
| 151|0x00000000c9700000, 0x00000000c9700000, 0x00000000c9800000|  0%| F|  |TAMS 0x00000000c9700000, 0x00000000c9700000| Untracked 
| 152|0x00000000c9800000, 0x00000000c9800000, 0x00000000c9900000|  0%| F|  |TAMS 0x00000000c9800000, 0x00000000c9800000| Untracked 
| 153|0x00000000c9900000, 0x00000000c9900000, 0x00000000c9a00000|  0%| F|  |TAMS 0x00000000c9900000, 0x00000000c9900000| Untracked 
| 154|0x00000000c9a00000, 0x00000000c9a00000, 0x00000000c9b00000|  0%| F|  |TAMS 0x00000000c9a00000, 0x00000000c9a00000| Untracked 
| 155|0x00000000c9b00000, 0x00000000c9b00000, 0x00000000c9c00000|  0%| F|  |TAMS 0x00000000c9b00000, 0x00000000c9b00000| Untracked 
| 156|0x00000000c9c00000, 0x00000000c9c00000, 0x00000000c9d00000|  0%| F|  |TAMS 0x00000000c9c00000, 0x00000000c9c00000| Untracked 
| 157|0x00000000c9d00000, 0x00000000c9d00000, 0x00000000c9e00000|  0%| F|  |TAMS 0x00000000c9d00000, 0x00000000c9d00000| Untracked 
| 158|0x00000000c9e00000, 0x00000000c9e00000, 0x00000000c9f00000|  0%| F|  |TAMS 0x00000000c9e00000, 0x00000000c9e00000| Untracked 
| 159|0x00000000c9f00000, 0x00000000c9f00000, 0x00000000ca000000|  0%| F|  |TAMS 0x00000000c9f00000, 0x00000000c9f00000| Untracked 
| 160|0x00000000ca000000, 0x00000000ca000000, 0x00000000ca100000|  0%| F|  |TAMS 0x00000000ca000000, 0x00000000ca000000| Untracked 
| 161|0x00000000ca100000, 0x00000000ca100000, 0x00000000ca200000|  0%| F|  |TAMS 0x00000000ca100000, 0x00000000ca100000| Untracked 
| 162|0x00000000ca200000, 0x00000000ca200000, 0x00000000ca300000|  0%| F|  |TAMS 0x00000000ca200000, 0x00000000ca200000| Untracked 
| 163|0x00000000ca300000, 0x00000000ca300000, 0x00000000ca400000|  0%| F|  |TAMS 0x00000000ca300000, 0x00000000ca300000| Untracked 
| 164|0x00000000ca400000, 0x00000000ca400000, 0x00000000ca500000|  0%| F|  |TAMS 0x00000000ca400000, 0x00000000ca400000| Untracked 
| 165|0x00000000ca500000, 0x00000000ca500000, 0x00000000ca600000|  0%| F|  |TAMS 0x00000000ca500000, 0x00000000ca500000| Untracked 
| 166|0x00000000ca600000, 0x00000000ca600000, 0x00000000ca700000|  0%| F|  |TAMS 0x00000000ca600000, 0x00000000ca600000| Untracked 
| 167|0x00000000ca700000, 0x00000000ca700000, 0x00000000ca800000|  0%| F|  |TAMS 0x00000000ca700000, 0x00000000ca700000| Untracked 
| 168|0x00000000ca800000, 0x00000000ca800000, 0x00000000ca900000|  0%| F|  |TAMS 0x00000000ca800000, 0x00000000ca800000| Untracked 
| 169|0x00000000ca900000, 0x00000000ca900000, 0x00000000caa00000|  0%| F|  |TAMS 0x00000000ca900000, 0x00000000ca900000| Untracked 
| 170|0x00000000caa00000, 0x00000000caa00000, 0x00000000cab00000|  0%| F|  |TAMS 0x00000000caa00000, 0x00000000caa00000| Untracked 
| 171|0x00000000cab00000, 0x00000000cab00000, 0x00000000cac00000|  0%| F|  |TAMS 0x00000000cab00000, 0x00000000cab00000| Untracked 
| 172|0x00000000cac00000, 0x00000000cac00000, 0x00000000cad00000|  0%| F|  |TAMS 0x00000000cac00000, 0x00000000cac00000| Untracked 
| 173|0x00000000cad00000, 0x00000000cad00000, 0x00000000cae00000|  0%| F|  |TAMS 0x00000000cad00000, 0x00000000cad00000| Untracked 
| 174|0x00000000cae00000, 0x00000000cae00000, 0x00000000caf00000|  0%| F|  |TAMS 0x00000000cae00000, 0x00000000cae00000| Untracked 
| 175|0x00000000caf00000, 0x00000000caf00000, 0x00000000cb000000|  0%| F|  |TAMS 0x00000000caf00000, 0x00000000caf00000| Untracked 
| 176|0x00000000cb000000, 0x00000000cb000000, 0x00000000cb100000|  0%| F|  |TAMS 0x00000000cb000000, 0x00000000cb000000| Untracked 
| 177|0x00000000cb100000, 0x00000000cb100000, 0x00000000cb200000|  0%| F|  |TAMS 0x00000000cb100000, 0x00000000cb100000| Untracked 
| 178|0x00000000cb200000, 0x00000000cb200000, 0x00000000cb300000|  0%| F|  |TAMS 0x00000000cb200000, 0x00000000cb200000| Untracked 
| 179|0x00000000cb300000, 0x00000000cb300000, 0x00000000cb400000|  0%| F|  |TAMS 0x00000000cb300000, 0x00000000cb300000| Untracked 
| 180|0x00000000cb400000, 0x00000000cb400000, 0x00000000cb500000|  0%| F|  |TAMS 0x00000000cb400000, 0x00000000cb400000| Untracked 
| 181|0x00000000cb500000, 0x00000000cb500000, 0x00000000cb600000|  0%| F|  |TAMS 0x00000000cb500000, 0x00000000cb500000| Untracked 
| 182|0x00000000cb600000, 0x00000000cb600000, 0x00000000cb700000|  0%| F|  |TAMS 0x00000000cb600000, 0x00000000cb600000| Untracked 
| 183|0x00000000cb700000, 0x00000000cb700000, 0x00000000cb800000|  0%| F|  |TAMS 0x00000000cb700000, 0x00000000cb700000| Untracked 
| 184|0x00000000cb800000, 0x00000000cb800000, 0x00000000cb900000|  0%| F|  |TAMS 0x00000000cb800000, 0x00000000cb800000| Untracked 
| 185|0x00000000cb900000, 0x00000000cb900000, 0x00000000cba00000|  0%| F|  |TAMS 0x00000000cb900000, 0x00000000cb900000| Untracked 
| 186|0x00000000cba00000, 0x00000000cba00000, 0x00000000cbb00000|  0%| F|  |TAMS 0x00000000cba00000, 0x00000000cba00000| Untracked 
| 187|0x00000000cbb00000, 0x00000000cbb00000, 0x00000000cbc00000|  0%| F|  |TAMS 0x00000000cbb00000, 0x00000000cbb00000| Untracked 
| 188|0x00000000cbc00000, 0x00000000cbc00000, 0x00000000cbd00000|  0%| F|  |TAMS 0x00000000cbc00000, 0x00000000cbc00000| Untracked 
| 189|0x00000000cbd00000, 0x00000000cbd00000, 0x00000000cbe00000|  0%| F|  |TAMS 0x00000000cbd00000, 0x00000000cbd00000| Untracked 
| 190|0x00000000cbe00000, 0x00000000cbe00000, 0x00000000cbf00000|  0%| F|  |TAMS 0x00000000cbe00000, 0x00000000cbe00000| Untracked 
| 191|0x00000000cbf00000, 0x00000000cbf00000, 0x00000000cc000000|  0%| F|  |TAMS 0x00000000cbf00000, 0x00000000cbf00000| Untracked 
| 192|0x00000000cc000000, 0x00000000cc000000, 0x00000000cc100000|  0%| F|  |TAMS 0x00000000cc000000, 0x00000000cc000000| Untracked 
| 193|0x00000000cc100000, 0x00000000cc100000, 0x00000000cc200000|  0%| F|  |TAMS 0x00000000cc100000, 0x00000000cc100000| Untracked 
| 194|0x00000000cc200000, 0x00000000cc200000, 0x00000000cc300000|  0%| F|  |TAMS 0x00000000cc200000, 0x00000000cc200000| Untracked 
| 195|0x00000000cc300000, 0x00000000cc300000, 0x00000000cc400000|  0%| F|  |TAMS 0x00000000cc300000, 0x00000000cc300000| Untracked 
| 196|0x00000000cc400000, 0x00000000cc400000, 0x00000000cc500000|  0%| F|  |TAMS 0x00000000cc400000, 0x00000000cc400000| Untracked 
| 197|0x00000000cc500000, 0x00000000cc500000, 0x00000000cc600000|  0%| F|  |TAMS 0x00000000cc500000, 0x00000000cc500000| Untracked 
| 198|0x00000000cc600000, 0x00000000cc600000, 0x00000000cc700000|  0%| F|  |TAMS 0x00000000cc600000, 0x00000000cc600000| Untracked 
| 199|0x00000000cc700000, 0x00000000cc700000, 0x00000000cc800000|  0%| F|  |TAMS 0x00000000cc700000, 0x00000000cc700000| Untracked 
| 200|0x00000000cc800000, 0x00000000cc800000, 0x00000000cc900000|  0%| F|  |TAMS 0x00000000cc800000, 0x00000000cc800000| Untracked 
| 201|0x00000000cc900000, 0x00000000cc900000, 0x00000000cca00000|  0%| F|  |TAMS 0x00000000cc900000, 0x00000000cc900000| Untracked 
| 202|0x00000000cca00000, 0x00000000cca00000, 0x00000000ccb00000|  0%| F|  |TAMS 0x00000000cca00000, 0x00000000cca00000| Untracked 
| 203|0x00000000ccb00000, 0x00000000ccb00000, 0x00000000ccc00000|  0%| F|  |TAMS 0x00000000ccb00000, 0x00000000ccb00000| Untracked 
| 204|0x00000000ccc00000, 0x00000000ccc00000, 0x00000000ccd00000|  0%| F|  |TAMS 0x00000000ccc00000, 0x00000000ccc00000| Untracked 
| 205|0x00000000ccd00000, 0x00000000ccd00000, 0x00000000cce00000|  0%| F|  |TAMS 0x00000000ccd00000, 0x00000000ccd00000| Untracked 
| 206|0x00000000cce00000, 0x00000000cce00000, 0x00000000ccf00000|  0%| F|  |TAMS 0x00000000cce00000, 0x00000000cce00000| Untracked 
| 207|0x00000000ccf00000, 0x00000000ccf00000, 0x00000000cd000000|  0%| F|  |TAMS 0x00000000ccf00000, 0x00000000ccf00000| Untracked 
| 208|0x00000000cd000000, 0x00000000cd000000, 0x00000000cd100000|  0%| F|  |TAMS 0x00000000cd000000, 0x00000000cd000000| Untracked 
| 209|0x00000000cd100000, 0x00000000cd100000, 0x00000000cd200000|  0%| F|  |TAMS 0x00000000cd100000, 0x00000000cd100000| Untracked 
| 210|0x00000000cd200000, 0x00000000cd200000, 0x00000000cd300000|  0%| F|  |TAMS 0x00000000cd200000, 0x00000000cd200000| Untracked 
| 211|0x00000000cd300000, 0x00000000cd300000, 0x00000000cd400000|  0%| F|  |TAMS 0x00000000cd300000, 0x00000000cd300000| Untracked 
| 212|0x00000000cd400000, 0x00000000cd400000, 0x00000000cd500000|  0%| F|  |TAMS 0x00000000cd400000, 0x00000000cd400000| Untracked 
| 213|0x00000000cd500000, 0x00000000cd500000, 0x00000000cd600000|  0%| F|  |TAMS 0x00000000cd500000, 0x00000000cd500000| Untracked 
| 214|0x00000000cd600000, 0x00000000cd600000, 0x00000000cd700000|  0%| F|  |TAMS 0x00000000cd600000, 0x00000000cd600000| Untracked 
| 215|0x00000000cd700000, 0x00000000cd700000, 0x00000000cd800000|  0%| F|  |TAMS 0x00000000cd700000, 0x00000000cd700000| Untracked 
| 216|0x00000000cd800000, 0x00000000cd800000, 0x00000000cd900000|  0%| F|  |TAMS 0x00000000cd800000, 0x00000000cd800000| Untracked 
| 217|0x00000000cd900000, 0x00000000cd900000, 0x00000000cda00000|  0%| F|  |TAMS 0x00000000cd900000, 0x00000000cd900000| Untracked 
| 218|0x00000000cda00000, 0x00000000cda00000, 0x00000000cdb00000|  0%| F|  |TAMS 0x00000000cda00000, 0x00000000cda00000| Untracked 
| 219|0x00000000cdb00000, 0x00000000cdb00000, 0x00000000cdc00000|  0%| F|  |TAMS 0x00000000cdb00000, 0x00000000cdb00000| Untracked 
| 220|0x00000000cdc00000, 0x00000000cdc00000, 0x00000000cdd00000|  0%| F|  |TAMS 0x00000000cdc00000, 0x00000000cdc00000| Untracked 
| 221|0x00000000cdd00000, 0x00000000cdd00000, 0x00000000cde00000|  0%| F|  |TAMS 0x00000000cdd00000, 0x00000000cdd00000| Untracked 
| 222|0x00000000cde00000, 0x00000000cde00000, 0x00000000cdf00000|  0%| F|  |TAMS 0x00000000cde00000, 0x00000000cde00000| Untracked 
| 223|0x00000000cdf00000, 0x00000000cdf00000, 0x00000000ce000000|  0%| F|  |TAMS 0x00000000cdf00000, 0x00000000cdf00000| Untracked 
| 224|0x00000000ce000000, 0x00000000ce000000, 0x00000000ce100000|  0%| F|  |TAMS 0x00000000ce000000, 0x00000000ce000000| Untracked 
| 225|0x00000000ce100000, 0x00000000ce100000, 0x00000000ce200000|  0%| F|  |TAMS 0x00000000ce100000, 0x00000000ce100000| Untracked 
| 226|0x00000000ce200000, 0x00000000ce200000, 0x00000000ce300000|  0%| F|  |TAMS 0x00000000ce200000, 0x00000000ce200000| Untracked 
| 227|0x00000000ce300000, 0x00000000ce300000, 0x00000000ce400000|  0%| F|  |TAMS 0x00000000ce300000, 0x00000000ce300000| Untracked 
| 228|0x00000000ce400000, 0x00000000ce400000, 0x00000000ce500000|  0%| F|  |TAMS 0x00000000ce400000, 0x00000000ce400000| Untracked 
| 229|0x00000000ce500000, 0x00000000ce500000, 0x00000000ce600000|  0%| F|  |TAMS 0x00000000ce500000, 0x00000000ce500000| Untracked 
| 230|0x00000000ce600000, 0x00000000ce600000, 0x00000000ce700000|  0%| F|  |TAMS 0x00000000ce600000, 0x00000000ce600000| Untracked 
| 231|0x00000000ce700000, 0x00000000ce700000, 0x00000000ce800000|  0%| F|  |TAMS 0x00000000ce700000, 0x00000000ce700000| Untracked 
| 232|0x00000000ce800000, 0x00000000ce800000, 0x00000000ce900000|  0%| F|  |TAMS 0x00000000ce800000, 0x00000000ce800000| Untracked 
| 233|0x00000000ce900000, 0x00000000ce900000, 0x00000000cea00000|  0%| F|  |TAMS 0x00000000ce900000, 0x00000000ce900000| Untracked 
| 234|0x00000000cea00000, 0x00000000cea00000, 0x00000000ceb00000|  0%| F|  |TAMS 0x00000000cea00000, 0x00000000cea00000| Untracked 
| 235|0x00000000ceb00000, 0x00000000ceb00000, 0x00000000cec00000|  0%| F|  |TAMS 0x00000000ceb00000, 0x00000000ceb00000| Untracked 
| 236|0x00000000cec00000, 0x00000000cec00000, 0x00000000ced00000|  0%| F|  |TAMS 0x00000000cec00000, 0x00000000cec00000| Untracked 
| 237|0x00000000ced00000, 0x00000000ced00000, 0x00000000cee00000|  0%| F|  |TAMS 0x00000000ced00000, 0x00000000ced00000| Untracked 
| 238|0x00000000cee00000, 0x00000000cee00000, 0x00000000cef00000|  0%| F|  |TAMS 0x00000000cee00000, 0x00000000cee00000| Untracked 
| 239|0x00000000cef00000, 0x00000000cef00000, 0x00000000cf000000|  0%| F|  |TAMS 0x00000000cef00000, 0x00000000cef00000| Untracked 
| 240|0x00000000cf000000, 0x00000000cf000000, 0x00000000cf100000|  0%| F|  |TAMS 0x00000000cf000000, 0x00000000cf000000| Untracked 
| 241|0x00000000cf100000, 0x00000000cf100000, 0x00000000cf200000|  0%| F|  |TAMS 0x00000000cf100000, 0x00000000cf100000| Untracked 
| 242|0x00000000cf200000, 0x00000000cf200000, 0x00000000cf300000|  0%| F|  |TAMS 0x00000000cf200000, 0x00000000cf200000| Untracked 
| 243|0x00000000cf300000, 0x00000000cf300000, 0x00000000cf400000|  0%| F|  |TAMS 0x00000000cf300000, 0x00000000cf300000| Untracked 
| 244|0x00000000cf400000, 0x00000000cf400000, 0x00000000cf500000|  0%| F|  |TAMS 0x00000000cf400000, 0x00000000cf400000| Untracked 
| 245|0x00000000cf500000, 0x00000000cf500000, 0x00000000cf600000|  0%| F|  |TAMS 0x00000000cf500000, 0x00000000cf500000| Untracked 
| 246|0x00000000cf600000, 0x00000000cf600000, 0x00000000cf700000|  0%| F|  |TAMS 0x00000000cf600000, 0x00000000cf600000| Untracked 
| 247|0x00000000cf700000, 0x00000000cf700000, 0x00000000cf800000|  0%| F|  |TAMS 0x00000000cf700000, 0x00000000cf700000| Untracked 
| 248|0x00000000cf800000, 0x00000000cf800000, 0x00000000cf900000|  0%| F|  |TAMS 0x00000000cf800000, 0x00000000cf800000| Untracked 
| 249|0x00000000cf900000, 0x00000000cf900000, 0x00000000cfa00000|  0%| F|  |TAMS 0x00000000cf900000, 0x00000000cf900000| Untracked 
| 250|0x00000000cfa00000, 0x00000000cfa00000, 0x00000000cfb00000|  0%| F|  |TAMS 0x00000000cfa00000, 0x00000000cfa00000| Untracked 
| 251|0x00000000cfb00000, 0x00000000cfb00000, 0x00000000cfc00000|  0%| F|  |TAMS 0x00000000cfb00000, 0x00000000cfb00000| Untracked 
| 252|0x00000000cfc00000, 0x00000000cfc00000, 0x00000000cfd00000|  0%| F|  |TAMS 0x00000000cfc00000, 0x00000000cfc00000| Untracked 
| 253|0x00000000cfd00000, 0x00000000cfd00000, 0x00000000cfe00000|  0%| F|  |TAMS 0x00000000cfd00000, 0x00000000cfd00000| Untracked 
| 254|0x00000000cfe00000, 0x00000000cfe00000, 0x00000000cff00000|  0%| F|  |TAMS 0x00000000cfe00000, 0x00000000cfe00000| Untracked 
| 255|0x00000000cff00000, 0x00000000cff00000, 0x00000000d0000000|  0%| F|  |TAMS 0x00000000cff00000, 0x00000000cff00000| Untracked 
| 256|0x00000000d0000000, 0x00000000d0000000, 0x00000000d0100000|  0%| F|  |TAMS 0x00000000d0000000, 0x00000000d0000000| Untracked 
| 257|0x00000000d0100000, 0x00000000d0100000, 0x00000000d0200000|  0%| F|  |TAMS 0x00000000d0100000, 0x00000000d0100000| Untracked 
| 258|0x00000000d0200000, 0x00000000d0200000, 0x00000000d0300000|  0%| F|  |TAMS 0x00000000d0200000, 0x00000000d0200000| Untracked 
| 259|0x00000000d0300000, 0x00000000d0300000, 0x00000000d0400000|  0%| F|  |TAMS 0x00000000d0300000, 0x00000000d0300000| Untracked 
| 260|0x00000000d0400000, 0x00000000d0400000, 0x00000000d0500000|  0%| F|  |TAMS 0x00000000d0400000, 0x00000000d0400000| Untracked 
| 261|0x00000000d0500000, 0x00000000d0500000, 0x00000000d0600000|  0%| F|  |TAMS 0x00000000d0500000, 0x00000000d0500000| Untracked 
| 262|0x00000000d0600000, 0x00000000d0600000, 0x00000000d0700000|  0%| F|  |TAMS 0x00000000d0600000, 0x00000000d0600000| Untracked 
| 263|0x00000000d0700000, 0x00000000d0700000, 0x00000000d0800000|  0%| F|  |TAMS 0x00000000d0700000, 0x00000000d0700000| Untracked 
| 264|0x00000000d0800000, 0x00000000d0800000, 0x00000000d0900000|  0%| F|  |TAMS 0x00000000d0800000, 0x00000000d0800000| Untracked 
| 265|0x00000000d0900000, 0x00000000d0900a78, 0x00000000d0a00000|  0%| E|  |TAMS 0x00000000d0900000, 0x00000000d0900000| Complete 
|1019|0x00000000ffb00000, 0x00000000ffc00000, 0x00000000ffc00000|100%| O|  |TAMS 0x00000000ffc00000, 0x00000000ffb00000| Untracked 

Card table byte_map: [0x0000016996880000,0x0000016996a80000] _byte_map_base: 0x0000016996280000

Marking Bits (Prev, Next): (CMBitMap*) 0x00000169fc773100, (CMBitMap*) 0x00000169fc7730c0
 Prev Bits: [0x00000169af720000, 0x00000169b0720000)
 Next Bits: [0x00000169ae720000, 0x00000169af720000)

Polling page: 0x00000169958a0000

Metaspace:

Usage:
  Non-class:      8.34 MB used.
      Class:      1.47 MB used.
       Both:      9.81 MB used.

Virtual space:
  Non-class space:       64.00 MB reserved,       8.44 MB ( 13%) committed,  1 nodes.
      Class space:        1.00 GB reserved,       1.56 MB ( <1%) committed,  1 nodes.
             Both:        1.06 GB reserved,      10.00 MB ( <1%) committed. 

Chunk freelists:
   Non-Class:  6.22 MB
       Class:  14.45 MB
        Both:  20.67 MB

MaxMetaspaceSize: unlimited
CompressedClassSpaceSize: 1.00 GB
Initial GC threshold: 21.00 MB
Current GC threshold: 21.00 MB
CDS: on
MetaspaceReclaimPolicy: balanced
 - commit_granule_bytes: 65536.
 - commit_granule_words: 8192.
 - virtual_space_node_default_size: 8388608.
 - enlarge_chunks_in_place: 1.
 - new_chunks_are_fully_committed: 0.
 - uncommit_free_chunks: 1.
 - use_allocation_guard: 0.
 - handle_deallocations: 1.


Internal statistics:

num_allocs_failed_limit: 0.
num_arena_births: 128.
num_arena_deaths: 0.
num_vsnodes_births: 2.
num_vsnodes_deaths: 0.
num_space_committed: 160.
num_space_uncommitted: 0.
num_chunks_returned_to_freelist: 0.
num_chunks_taken_from_freelist: 410.
num_chunk_merges: 0.
num_chunk_splits: 311.
num_chunks_enlarged: 257.
num_inconsistent_stats: 0.

CodeHeap 'non-profiled nmethods': size=120000Kb used=2191Kb max_used=2191Kb free=117808Kb
 bounds [0x00000169a6ff0000, 0x00000169a7260000, 0x00000169ae520000]
CodeHeap 'profiled nmethods': size=120000Kb used=5524Kb max_used=5524Kb free=114475Kb
 bounds [0x000001699f520000, 0x000001699fa90000, 0x00000169a6a50000]
CodeHeap 'non-nmethods': size=5760Kb used=1154Kb max_used=1288Kb free=4605Kb
 bounds [0x00000169a6a50000, 0x00000169a6cc0000, 0x00000169a6ff0000]
 total_blobs=3767 nmethods=3329 adapters=350
 compilation: enabled
              stopped_count=0, restarted_count=0
 full_count=0

Compilation events (20 events):
Event: 492.440 Thread 0x00000169fc2504d0 3328       1       scala.collection.mutable.DefaultEntry::value (5 bytes)
Event: 492.440 Thread 0x00000169fc2504d0 nmethod 3328 0x00000169a71fed10 code [0x00000169a71feea0, 0x00000169a71fef78]
Event: 492.440 Thread 0x00000169fc2504d0 3324       1       scala.collection.mutable.DefaultEntry::next (5 bytes)
Event: 492.440 Thread 0x00000169fc2504d0 nmethod 3324 0x00000169a71ff010 code [0x00000169a71ff1a0, 0x00000169a71ff278]
Event: 492.440 Thread 0x00000169fc2504d0 3330       3       java.lang.Class::isAnonymousClass (27 bytes)
Event: 492.440 Thread 0x00000169fc2504d0 nmethod 3330 0x000001699fa84b90 code [0x000001699fa84d80, 0x000001699fa85118]
Event: 492.471 Thread 0x0000016a06285d10 nmethod 3312 0x00000169a71ff310 code [0x00000169a71ff520, 0x00000169a72000d8]
Event: 492.472 Thread 0x0000016a06285d10 3313       4       org.openkoreantext.processor.tokenizer.ParsedChunk::$anonfun$getFreqScore$1 (211 bytes)
Event: 492.662 Thread 0x0000016a06285d10 nmethod 3313 0x00000169a7200a90 code [0x00000169a7200c80, 0x00000169a7201738]
Event: 492.662 Thread 0x0000016a06285d10 3305       4       org.openkoreantext.processor.tokenizer.ParsedChunk::$anonfun$getUnknownCoverage$1 (86 bytes)
Event: 492.667 Thread 0x0000016a06285d10 nmethod 3305 0x00000169a7202010 code [0x00000169a72021a0, 0x00000169a7202338]
Event: 492.668 Thread 0x0000016a06285d10 3262       4       scala.runtime.Statics::avalanche (33 bytes)
Event: 492.669 Thread 0x0000016a06285d10 nmethod 3262 0x00000169a7202590 code [0x00000169a7202700, 0x00000169a7202778]
Event: 492.669 Thread 0x0000016a06285d10 3259       4       scala.collection.generic.GenericTraversableTemplate::$init$ (1 bytes)
Event: 492.669 Thread 0x0000016a06285d10 nmethod 3259 0x00000169a7202890 code [0x00000169a7202a00, 0x00000169a7202a58]
Event: 492.669 Thread 0x0000016a06285d10 3260       4       scala.collection.GenTraversable::$init$ (1 bytes)
Event: 492.669 Thread 0x0000016a06285d10 nmethod 3260 0x00000169a7202b90 code [0x00000169a7202d00, 0x00000169a7202d58]
Event: 492.669 Thread 0x0000016a06285d10 3261       4       scala.collection.Traversable::$init$ (1 bytes)
Event: 492.670 Thread 0x0000016a06285d10 nmethod 3261 0x00000169a7202e90 code [0x00000169a7203000, 0x00000169a7203058]
Event: 492.856 Thread 0x00000169fc2534a0 nmethod 3252 0x00000169a7203190 code [0x00000169a7203540, 0x00000169a72071c8]

GC Heap History (20 events):
Event: 4.563 GC heap before
{Heap before GC invocations=31 (full 9):
 garbage-first heap   total 160768K, used 60853K [0x00000000c0000000, 0x0000000100000000)
  region size 1024K, 16 young (16384K), 0 survivors (0K)
 Metaspace       used 9428K, committed 9664K, reserved 1114112K
  class space    used 1426K, committed 1536K, reserved 1048576K
}
Event: 4.674 GC heap after
{Heap after GC invocations=32 (full 10):
 garbage-first heap   total 160768K, used 47119K [0x00000000c0000000, 0x0000000100000000)
  region size 1024K, 0 young (0K), 0 survivors (0K)
 Metaspace       used 9428K, committed 9664K, reserved 1114112K
  class space    used 1426K, committed 1536K, reserved 1048576K
}
Event: 4.886 GC heap before
{Heap before GC invocations=32 (full 10):
 garbage-first heap   total 160768K, used 95247K [0x00000000c0000000, 0x0000000100000000)
  region size 1024K, 48 young (49152K), 0 survivors (0K)
 Metaspace       used 9440K, committed 9664K, reserved 1114112K
  class space    used 1426K, committed 1536K, reserved 1048576K
}
Event: 4.991 GC heap after
{Heap after GC invocations=33 (full 11):
 garbage-first heap   total 160768K, used 53254K [0x00000000c0000000, 0x0000000100000000)
  region size 1024K, 0 young (0K), 0 survivors (0K)
 Metaspace       used 9440K, committed 9664K, reserved 1114112K
  class space    used 1426K, committed 1536K, reserved 1048576K
}
Event: 5.166 GC heap before
{Heap before GC invocations=33 (full 11):
 garbage-first heap   total 160768K, used 117766K [0x00000000c0000000, 0x0000000100000000)
  region size 1024K, 63 young (64512K), 0 survivors (0K)
 Metaspace       used 9512K, committed 9664K, reserved 1114112K
  class space    used 1457K, committed 1536K, reserved 1048576K
}
Event: 5.190 GC heap after
{Heap after GC invocations=34 (full 11):
 garbage-first heap   total 160768K, used 62159K [0x00000000c0000000, 0x0000000100000000)
  region size 1024K, 8 young (8192K), 8 survivors (8192K)
 Metaspace       used 9512K, committed 9664K, reserved 1114112K
  class space    used 1457K, committed 1536K, reserved 1048576K
}
Event: 5.321 GC heap before
{Heap before GC invocations=34 (full 11):
 garbage-first heap   total 160768K, used 87759K [0x00000000c0000000, 0x0000000100000000)
  region size 1024K, 34 young (34816K), 8 survivors (8192K)
 Metaspace       used 9520K, committed 9664K, reserved 1114112K
  class space    used 1459K, committed 1536K, reserved 1048576K
}
Event: 5.435 GC heap after
{Heap after GC invocations=35 (full 12):
 garbage-first heap   total 160768K, used 63652K [0x00000000c0000000, 0x0000000100000000)
  region size 1024K, 0 young (0K), 0 survivors (0K)
 Metaspace       used 9520K, committed 9664K, reserved 1114112K
  class space    used 1459K, committed 1536K, reserved 1048576K
}
Event: 5.532 GC heap before
{Heap before GC invocations=35 (full 12):
 garbage-first heap   total 160768K, used 116900K [0x00000000c0000000, 0x0000000100000000)
  region size 1024K, 52 young (53248K), 0 survivors (0K)
 Metaspace       used 9525K, committed 9728K, reserved 1114112K
  class space    used 1459K, committed 1536K, reserved 1048576K
}
Event: 5.549 GC heap after
{Heap after GC invocations=36 (full 12):
 garbage-first heap   total 160768K, used 70820K [0x00000000c0000000, 0x0000000100000000)
  region size 1024K, 7 young (7168K), 7 survivors (7168K)
 Metaspace       used 9525K, committed 9728K, reserved 1114112K
  class space    used 1459K, committed 1536K, reserved 1048576K
}
Event: 5.626 GC heap before
{Heap before GC invocations=36 (full 12):
 garbage-first heap   total 160768K, used 120996K [0x00000000c0000000, 0x0000000100000000)
  region size 1024K, 56 young (57344K), 7 survivors (7168K)
 Metaspace       used 9526K, committed 9728K, reserved 1114112K
  class space    used 1459K, committed 1536K, reserved 1048576K
}
Event: 5.649 GC heap after
{Heap after GC invocations=37 (full 12):
 garbage-first heap   total 160768K, used 76378K [0x00000000c0000000, 0x0000000100000000)
  region size 1024K, 7 young (7168K), 7 survivors (7168K)
 Metaspace       used 9526K, committed 9728K, reserved 1114112K
  class space    used 1459K, committed 1536K, reserved 1048576K
}
Event: 5.723 GC heap before
{Heap before GC invocations=37 (full 12):
 garbage-first heap   total 160768K, used 123482K [0x00000000c0000000, 0x0000000100000000)
  region size 1024K, 53 young (54272K), 7 survivors (7168K)
 Metaspace       used 9526K, committed 9728K, reserved 1114112K
  class space    used 1459K, committed 1536K, reserved 1048576K
}
Event: 5.740 GC heap after
{Heap after GC invocations=38 (full 12):
 garbage-first heap   total 481280K, used 81989K [0x00000000c0000000, 0x0000000100000000)
  region size 1024K, 6 young (6144K), 6 survivors (6144K)
 Metaspace       used 9526K, committed 9728K, reserved 1114112K
  class space    used 1459K, committed 1536K, reserved 1048576K
}
Event: 5.860 GC heap before
{Heap before GC invocations=38 (full 12):
 garbage-first heap   total 481280K, used 126021K [0x00000000c0000000, 0x0000000100000000)
  region size 1024K, 50 young (51200K), 6 survivors (6144K)
 Metaspace       used 9527K, committed 9728K, reserved 1114112K
  class space    used 1459K, committed 1536K, reserved 1048576K
}
Event: 5.942 GC heap after
{Heap after GC invocations=39 (full 13):
 garbage-first heap   total 286720K, used 80515K [0x00000000c0000000, 0x0000000100000000)
  region size 1024K, 0 young (0K), 0 survivors (0K)
 Metaspace       used 9527K, committed 9728K, reserved 1114112K
  class space    used 1459K, committed 1536K, reserved 1048576K
}
Event: 6.054 GC heap before
{Heap before GC invocations=39 (full 13):
 garbage-first heap   total 286720K, used 113283K [0x00000000c0000000, 0x0000000100000000)
  region size 1024K, 33 young (33792K), 0 survivors (0K)
 Metaspace       used 9527K, committed 9728K, reserved 1114112K
  class space    used 1459K, committed 1536K, reserved 1048576K
}
Event: 6.133 GC heap after
{Heap after GC invocations=40 (full 14):
 garbage-first heap   total 286720K, used 83640K [0x00000000c0000000, 0x0000000100000000)
  region size 1024K, 0 young (0K), 0 survivors (0K)
 Metaspace       used 9527K, committed 9728K, reserved 1114112K
  class space    used 1459K, committed 1536K, reserved 1048576K
}
Event: 492.498 GC heap before
{Heap before GC invocations=40 (full 14):
 garbage-first heap   total 286720K, used 104120K [0x00000000c0000000, 0x0000000100000000)
  region size 1024K, 21 young (21504K), 0 survivors (0K)
 Metaspace       used 10047K, committed 10240K, reserved 1114112K
  class space    used 1509K, committed 1600K, reserved 1048576K
}
Event: 492.659 GC heap after
{Heap after GC invocations=41 (full 15):
 garbage-first heap   total 273408K, used 79110K [0x00000000c0000000, 0x0000000100000000)
  region size 1024K, 0 young (0K), 0 survivors (0K)
 Metaspace       used 10047K, committed 10240K, reserved 1114112K
  class space    used 1509K, committed 1600K, reserved 1048576K
}

Deoptimization events (20 events):
Event: 491.905 Thread 0x00000169fc0bdd60 Uncommon trap: trap_request=0xffffff45 fr.pc=0x00000169a71a7fdc relative=0x000000000000043c
Event: 491.905 Thread 0x00000169fc0bdd60 Uncommon trap: reason=unstable_if action=reinterpret pc=0x00000169a71a7fdc method=scala.collection.immutable.Set$Set4.contains(Ljava/lang/Object;)Z @ 30 c2
Event: 491.905 Thread 0x00000169fc0bdd60 DEOPT PACKING pc=0x00000169a71a7fdc sp=0x00000054463ea310
Event: 491.905 Thread 0x00000169fc0bdd60 DEOPT UNPACKING pc=0x00000169a6aa23a3 sp=0x00000054463ea2b0 mode 2
Event: 492.087 Thread 0x00000169fc0bdd60 Uncommon trap: trap_request=0xffffffde fr.pc=0x00000169a711896c relative=0x000000000000028c
Event: 492.087 Thread 0x00000169fc0bdd60 Uncommon trap: reason=class_check action=maybe_recompile pc=0x00000169a711896c method=scala.collection.TraversableLike.builder$1(Lscala/collection/generic/CanBuildFrom;)Lscala/collection/mutable/Builder; @ 7 c2
Event: 492.087 Thread 0x00000169fc0bdd60 DEOPT PACKING pc=0x00000169a711896c sp=0x00000054463ea250
Event: 492.087 Thread 0x00000169fc0bdd60 DEOPT UNPACKING pc=0x00000169a6aa23a3 sp=0x00000054463ea0a0 mode 2
Event: 492.101 Thread 0x00000169fc0bdd60 Uncommon trap: trap_request=0xffffffde fr.pc=0x00000169a711896c relative=0x000000000000028c
Event: 492.101 Thread 0x00000169fc0bdd60 Uncommon trap: reason=class_check action=maybe_recompile pc=0x00000169a711896c method=scala.collection.TraversableLike.builder$1(Lscala/collection/generic/CanBuildFrom;)Lscala/collection/mutable/Builder; @ 7 c2
Event: 492.101 Thread 0x00000169fc0bdd60 DEOPT PACKING pc=0x00000169a711896c sp=0x00000054463ea250
Event: 492.101 Thread 0x00000169fc0bdd60 DEOPT UNPACKING pc=0x00000169a6aa23a3 sp=0x00000054463ea0a0 mode 2
Event: 492.103 Thread 0x00000169fc0bdd60 Uncommon trap: trap_request=0xffffffde fr.pc=0x00000169a711896c relative=0x000000000000028c
Event: 492.103 Thread 0x00000169fc0bdd60 Uncommon trap: reason=class_check action=maybe_recompile pc=0x00000169a711896c method=scala.collection.TraversableLike.builder$1(Lscala/collection/generic/CanBuildFrom;)Lscala/collection/mutable/Builder; @ 7 c2
Event: 492.103 Thread 0x00000169fc0bdd60 DEOPT PACKING pc=0x00000169a711896c sp=0x00000054463ea130
Event: 492.103 Thread 0x00000169fc0bdd60 DEOPT UNPACKING pc=0x00000169a6aa23a3 sp=0x00000054463e9f68 mode 2
Event: 492.113 Thread 0x00000169fc0bdd60 Uncommon trap: trap_request=0xffffffde fr.pc=0x00000169a711896c relative=0x000000000000028c
Event: 492.113 Thread 0x00000169fc0bdd60 Uncommon trap: reason=class_check action=maybe_recompile pc=0x00000169a711896c method=scala.collection.TraversableLike.builder$1(Lscala/collection/generic/CanBuildFrom;)Lscala/collection/mutable/Builder; @ 7 c2
Event: 492.113 Thread 0x00000169fc0bdd60 DEOPT PACKING pc=0x00000169a711896c sp=0x00000054463ea130
Event: 492.113 Thread 0x00000169fc0bdd60 DEOPT UNPACKING pc=0x00000169a6aa23a3 sp=0x00000054463e9f68 mode 2

Classes unloaded (0 events):
No events

Classes redefined (0 events):
No events

Internal exceptions (20 events):
Event: 1.601 Thread 0x00000169fc0bdd60 Exception <a 'java/lang/NoSuchMethodError'{0x00000000c0fc8680}: 'java.lang.Object java.lang.invoke.Invokers$Holder.invokeExact_MT(java.lang.Object, java.lang.Object, java.lang.Object, java.lang.Object, java.lang.Object, java.lang.Object)'> (0x00000000c0fc8680) 
thrown [s\open\src\hotspot\share\interpreter\linkResolver.cpp, line 759]
Event: 1.809 Thread 0x00000169fc0bdd60 Exception <a 'java/lang/NoSuchMethodError'{0x00000000c112d208}: 'java.lang.Object java.lang.invoke.DirectMethodHandle$Holder.invokeStaticInit(java.lang.Object, java.lang.Object, java.lang.Object)'> (0x00000000c112d208) 
thrown [s\open\src\hotspot\share\interpreter\linkResolver.cpp, line 759]
Event: 1.889 Thread 0x00000169fc0bdd60 Exception <a 'java/lang/NoSuchMethodError'{0x00000000c0fc9860}: 'int java.lang.invoke.DirectMethodHandle$Holder.invokeStatic(java.lang.Object, java.lang.Object, int)'> (0x00000000c0fc9860) 
thrown [s\open\src\hotspot\share\interpreter\linkResolver.cpp, line 759]
Event: 1.908 Thread 0x00000169fc0bdd60 Exception <a 'java/lang/NoSuchMethodError'{0x00000000c0ea1008}: 'java.lang.Object java.lang.invoke.DirectMethodHandle$Holder.newInvokeSpecial(java.lang.Object, java.lang.Object, java.lang.Object, java.lang.Object, java.lang.Object)'> (0x00000000c0ea1008) 
thrown [s\open\src\hotspot\share\interpreter\linkResolver.cpp, line 759]
Event: 1.935 Thread 0x00000169fc0bdd60 Exception <a 'java/lang/NoSuchMethodError'{0x00000000c0eeb670}: 'java.lang.Object java.lang.invoke.DirectMethodHandle$Holder.invokeStatic(java.lang.Object, java.lang.Object, int, java.lang.Object, java.lang.Object)'> (0x00000000c0eeb670) 
thrown [s\open\src\hotspot\share\interpreter\linkResolver.cpp, line 759]
Event: 1.937 Thread 0x00000169fc0bdd60 Exception <a 'java/lang/NoSuchMethodError'{0x00000000c0ef5898}: 'java.lang.Object java.lang.invoke.DirectMethodHandle$Holder.newInvokeSpecial(java.lang.Object, java.lang.Object, int, java.lang.Object)'> (0x00000000c0ef5898) 
thrown [s\open\src\hotspot\share\interpreter\linkResolver.cpp, line 759]
Event: 1.937 Thread 0x00000169fc0bdd60 Exception <a 'java/lang/NoSuchMethodError'{0x00000000c0ef9950}: 'java.lang.Object java.lang.invoke.DirectMethodHandle$Holder.invokeSpecial(java.lang.Object, java.lang.Object, java.lang.Object, int, java.lang.Object)'> (0x00000000c0ef9950) 
thrown [s\open\src\hotspot\share\interpreter\linkResolver.cpp, line 759]
Event: 1.957 Thread 0x00000169fc0bdd60 Exception <a 'java/lang/NoSuchMethodError'{0x00000000c0db8700}: 'java.lang.Object java.lang.invoke.DirectMethodHandle$Holder.invokeStaticInit(java.lang.Object, java.lang.Object, java.lang.Object, java.lang.Object)'> (0x00000000c0db8700) 
thrown [s\open\src\hotspot\share\interpreter\linkResolver.cpp, line 759]
Event: 1.966 Thread 0x00000169fc0bdd60 Exception <a 'java/lang/NoSuchMethodError'{0x00000000c1330a10}: 'void java.lang.invoke.DirectMethodHandle$Holder.invokeStatic(java.lang.Object, java.lang.Object)'> (0x00000000c1330a10) 
thrown [s\open\src\hotspot\share\interpreter\linkResolver.cpp, line 759]
Event: 2.321 Thread 0x00000169fc0bdd60 Exception <a 'java/lang/NoSuchMethodError'{0x00000000c3874800}: 'java.lang.Object java.lang.invoke.DirectMethodHandle$Holder.invokeStatic(java.lang.Object, java.lang.Object, int, java.lang.Object)'> (0x00000000c3874800) 
thrown [s\open\src\hotspot\share\interpreter\linkResolver.cpp, line 759]
Event: 2.323 Thread 0x00000169fc0bdd60 Exception <a 'java/lang/NoSuchMethodError'{0x00000000c387d150}: 'java.lang.Object java.lang.invoke.DirectMethodHandle$Holder.newInvokeSpecial(java.lang.Object, java.lang.Object, int)'> (0x00000000c387d150) 
thrown [s\open\src\hotspot\share\interpreter\linkResolver.cpp, line 759]
Event: 2.328 Thread 0x00000169fc0bdd60 Exception <a 'java/lang/NoSuchMethodError'{0x00000000c38a2758}: 'java.lang.Object java.lang.invoke.DirectMethodHandle$Holder.invokeStatic(java.lang.Object, int, java.lang.Object)'> (0x00000000c38a2758) 
thrown [s\open\src\hotspot\share\interpreter\linkResolver.cpp, line 759]
Event: 3.678 Thread 0x00000169fc0bdd60 Exception <a 'java/lang/NoSuchMethodError'{0x00000000c38f37f0}: 'java.lang.Object java.lang.invoke.DirectMethodHandle$Holder.newInvokeSpecial(java.lang.Object, java.lang.Object, java.lang.Object, java.lang.Object, java.lang.Object, int)'> (0x00000000c38f37f0) 
thrown [s\open\src\hotspot\share\interpreter\linkResolver.cpp, line 759]
Event: 3.680 Thread 0x00000169fc0bdd60 Exception <a 'java/lang/NoSuchMethodError'{0x00000000c38f7e58}: 'java.lang.Object java.lang.invoke.DirectMethodHandle$Holder.invokeSpecial(java.lang.Object, java.lang.Object, java.lang.Object, java.lang.Object, java.lang.Object, java.lang.Object, int)'> (0x00000000c38f7e58) 
thrown [s\open\src\hotspot\share\interpreter\linkResolver.cpp, line 759]
Event: 3.727 Thread 0x00000169fc0bdd60 Exception <a 'java/lang/NoSuchMethodError'{0x00000000c37af718}: 'java.lang.Object java.lang.invoke.DirectMethodHandle$Holder.newInvokeSpecial(java.lang.Object, java.lang.Object, java.lang.Object, java.lang.Object, int, java.lang.Object)'> (0x00000000c37af718) 
thrown [s\open\src\hotspot\share\interpreter\linkResolver.cpp, line 759]
Event: 3.727 Thread 0x00000169fc0bdd60 Exception <a 'java/lang/NoSuchMethodError'{0x00000000c37b39f0}: 'java.lang.Object java.lang.invoke.DirectMethodHandle$Holder.invokeSpecial(java.lang.Object, java.lang.Object, java.lang.Object, java.lang.Object, java.lang.Object, int, java.lang.Object)'> (0x00000000c37b39f0) 
thrown [s\open\src\hotspot\share\interpreter\linkResolver.cpp, line 759]
Event: 3.741 Thread 0x00000169fc0bdd60 Exception <a 'java/lang/NoSuchMethodError'{0x00000000c37f46d8}: 'java.lang.Object java.lang.invoke.DirectMethodHandle$Holder.invokeStaticInit(java.lang.Object, java.lang.Object, java.lang.Object, java.lang.Object, java.lang.Object)'> (0x00000000c37f46d8) 
thrown [s\open\src\hotspot\share\interpreter\linkResolver.cpp, line 759]
Event: 3.742 Thread 0x00000169fc0bdd60 Exception <a 'java/lang/NoSuchMethodError'{0x00000000c37fb7d0}: 'java.lang.Object java.lang.invoke.Invokers$Holder.invoke_MT(java.lang.Object, java.lang.Object, java.lang.Object, java.lang.Object, java.lang.Object, java.lang.Object)'> (0x00000000c37fb7d0) 
thrown [s\open\src\hotspot\share\interpreter\linkResolver.cpp, line 759]
Event: 3.744 Thread 0x00000169fc0bdd60 Exception <a 'java/lang/NoSuchMethodError'{0x00000000c3604a10}: 'java.lang.Object java.lang.invoke.Invokers$Holder.invoker(java.lang.Object, java.lang.Object, java.lang.Object)'> (0x00000000c3604a10) 
thrown [s\open\src\hotspot\share\interpreter\linkResolver.cpp, line 759]
Event: 3.746 Thread 0x00000169fc0bdd60 Exception <a 'java/lang/NoSuchMethodError'{0x00000000c360d8a0}: 'java.lang.Object java.lang.invoke.Invokers$Holder.invokeExact_MT(java.lang.Object, java.lang.Object, java.lang.Object, java.lang.Object)'> (0x00000000c360d8a0) 
thrown [s\open\src\hotspot\share\interpreter\linkResolver.cpp, line 759]

VM Operations (20 events):
Event: 5.532 Executing VM operation: G1CollectForAllocation
Event: 5.549 Executing VM operation: G1CollectForAllocation done
Event: 5.626 Executing VM operation: G1CollectForAllocation
Event: 5.649 Executing VM operation: G1CollectForAllocation done
Event: 5.723 Executing VM operation: G1CollectForAllocation
Event: 5.740 Executing VM operation: G1CollectForAllocation done
Event: 5.860 Executing VM operation: G1CollectFull
Event: 5.943 Executing VM operation: G1CollectFull done
Event: 6.054 Executing VM operation: G1CollectFull
Event: 6.133 Executing VM operation: G1CollectFull done
Event: 6.265 Executing VM operation: HandshakeAllThreads
Event: 6.265 Executing VM operation: HandshakeAllThreads done
Event: 7.276 Executing VM operation: Cleanup
Event: 7.276 Executing VM operation: Cleanup done
Event: 60.278 Executing VM operation: HandshakeAllThreads
Event: 60.278 Executing VM operation: HandshakeAllThreads done
Event: 492.197 Executing VM operation: Cleanup
Event: 492.214 Executing VM operation: Cleanup done
Event: 492.497 Executing VM operation: G1CollectFull
Event: 492.660 Executing VM operation: G1CollectFull done

Events (20 events):
Event: 4.108 loading class java/util/Vector
Event: 4.117 loading class java/util/Vector done
Event: 4.118 loading class java/util/Vector$1
Event: 4.119 loading class java/util/Vector$1 done
Event: 5.662 Thread 0x00000169fc251a10 Thread exited: 0x00000169fc251a10
Event: 6.250 loading class java/lang/SafeVarargs
Event: 6.250 loading class java/lang/SafeVarargs done
Event: 6.258 loading class java/util/AbstractList$Itr
Event: 6.263 loading class java/util/AbstractList$Itr done
Event: 6.264 loading class java/util/AbstractList$ListItr
Event: 6.264 loading class java/util/AbstractList$ListItr done
Event: 6.264 loading class java/util/AbstractList$RandomAccessSubList
Event: 6.264 loading class java/util/AbstractList$SubList
Event: 6.264 loading class java/util/AbstractList$SubList done
Event: 6.264 loading class java/util/AbstractList$RandomAccessSubList done
Event: 6.265 loading class java/util/ArrayList$ListItr
Event: 6.265 loading class java/util/ArrayList$ListItr done
Event: 10.421 Thread 0x00000169fc254490 Thread exited: 0x00000169fc254490
Event: 491.874 Thread 0x0000016a06285d10 Thread added: 0x0000016a06285d10
Event: 492.151 Thread 0x0000016a06286d00 Thread added: 0x0000016a06286d00


Dynamic libraries:
0x00007ff69f790000 - 0x00007ff69f7aa000 	c:\Program Files\Python310\python.exe
0x00007ff96a0d0000 - 0x00007ff96a2c8000 	C:\Windows\SYSTEM32\ntdll.dll
0x00007ff968db0000 - 0x00007ff968e72000 	C:\Windows\System32\KERNEL32.DLL
0x00007ff967830000 - 0x00007ff967b26000 	C:\Windows\System32\KERNELBASE.dll
0x00007ff967eb0000 - 0x00007ff967fb0000 	C:\Windows\System32\ucrtbase.dll
0x00007ff943f90000 - 0x00007ff943fab000 	c:\Program Files\Python310\VCRUNTIME140.dll
0x00007ff9269d0000 - 0x00007ff926e20000 	c:\Program Files\Python310\python310.dll
0x00007ff969de0000 - 0x00007ff969e4b000 	C:\Windows\System32\WS2_32.dll
0x00007ff969f70000 - 0x00007ff96a090000 	C:\Windows\System32\RPCRT4.dll
0x00007ff969e50000 - 0x00007ff969f01000 	C:\Windows\System32\ADVAPI32.dll
0x00007ff968210000 - 0x00007ff9682ae000 	C:\Windows\System32\msvcrt.dll
0x00007ff965520000 - 0x00007ff96552a000 	C:\Windows\SYSTEM32\VERSION.dll
0x00007ff968e80000 - 0x00007ff968f1f000 	C:\Windows\System32\sechost.dll
0x00007ff967800000 - 0x00007ff967827000 	C:\Windows\System32\bcrypt.dll
0x00007ff9670f0000 - 0x00007ff967108000 	C:\Windows\SYSTEM32\CRYPTSP.dll
0x00007ff9666f0000 - 0x00007ff966728000 	C:\Windows\system32\rsaenh.dll
0x00007ff966f40000 - 0x00007ff966f4c000 	C:\Windows\SYSTEM32\CRYPTBASE.dll
0x00007ff967fb0000 - 0x00007ff968032000 	C:\Windows\System32\bcryptPrimitives.dll
0x00000169f6f00000 - 0x00000169f6f0f000 	c:\Program Files\Python310\python3.DLL
0x00007ff933250000 - 0x00007ff933353000 	C:\Users\it\AppData\Roaming\Python\Python310\site-packages\zmq\backend\cython\_zmq.cp310-win_amd64.pyd
0x00007ff966ab0000 - 0x00007ff966aeb000 	C:\Windows\SYSTEM32\IPHLPAPI.DLL
0x00007ff93de30000 - 0x00007ff93de45000 	c:\Program Files\Python310\DLLs\_socket.pyd
0x00007ff94f280000 - 0x00007ff94f289000 	c:\Program Files\Python310\DLLs\select.pyd
0x00007ff9336b0000 - 0x00007ff9336d8000 	c:\Program Files\Python310\DLLs\_ssl.pyd
0x00007ff967b80000 - 0x00007ff967cdd000 	C:\Windows\System32\CRYPT32.dll
0x00007ff928e50000 - 0x00007ff92919d000 	c:\Program Files\Python310\DLLs\libcrypto-1_1.dll
0x00007ff968f20000 - 0x00007ff9690c1000 	C:\Windows\System32\USER32.dll
0x00007ff931700000 - 0x00007ff9317ad000 	c:\Program Files\Python310\DLLs\libssl-1_1.dll
0x00007ff9680c0000 - 0x00007ff9680e2000 	C:\Windows\System32\win32u.dll
0x00007ff969540000 - 0x00007ff96956b000 	C:\Windows\System32\GDI32.dll
0x00007ff967d90000 - 0x00007ff967ea9000 	C:\Windows\System32\gdi32full.dll
0x00007ff967760000 - 0x00007ff9677fd000 	C:\Windows\System32\msvcp_win.dll
0x00007ff969cf0000 - 0x00007ff969d1f000 	C:\Windows\System32\IMM32.DLL
0x00007ff937560000 - 0x00007ff937571000 	c:\Program Files\Python310\DLLs\_asyncio.pyd
0x00007ff94a280000 - 0x00007ff94a28d000 	c:\Program Files\Python310\DLLs\_overlapped.pyd
0x00007ff966db0000 - 0x00007ff966e1a000 	C:\Windows\system32\mswsock.dll
0x00007ff938270000 - 0x00007ff938285000 	c:\Program Files\Python310\DLLs\_bz2.pyd
0x00007ff933ae0000 - 0x00007ff933b08000 	c:\Program Files\Python310\DLLs\_lzma.pyd
0x00007ff94a680000 - 0x00007ff94a689000 	c:\Program Files\Python310\DLLs\_queue.pyd
0x00007ff935ee0000 - 0x00007ff935ef1000 	c:\Program Files\Python310\DLLs\_hashlib.pyd
0x00007ff949cb0000 - 0x00007ff949cb8000 	C:\Users\it\AppData\Roaming\Python\Python310\site-packages\tornado\speedups.pyd
0x00007ff93cf90000 - 0x00007ff93cfaf000 	c:\Program Files\Python310\DLLs\_ctypes.pyd
0x00007ff968ba0000 - 0x00007ff968ccb000 	C:\Windows\System32\ole32.dll
0x00007ff969570000 - 0x00007ff9698c4000 	C:\Windows\System32\combase.dll
0x00007ff94a560000 - 0x00007ff94a56b000 	c:\Program Files\Python310\DLLs\libffi-7.dll
0x00007ff968ad0000 - 0x00007ff968b9d000 	C:\Windows\System32\OLEAUT32.dll
0x00007ff933210000 - 0x00007ff93324f000 	c:\Program Files\Python310\DLLs\_decimal.pyd
0x00007ff947ff0000 - 0x00007ff947ff7000 	c:\Program Files\Python310\DLLs\_uuid.pyd
0x00007ff9682e0000 - 0x00007ff968a50000 	C:\Windows\System32\shell32.DLL
0x00007ff9337f0000 - 0x00007ff933809000 	c:\Program Files\Python310\DLLs\_sqlite3.pyd
0x00007ff92b130000 - 0x00007ff92b297000 	c:\Program Files\Python310\DLLs\sqlite3.dll
0x00007ff92f5d0000 - 0x00007ff92f6e4000 	c:\Program Files\Python310\DLLs\unicodedata.pyd
0x00007ff932a60000 - 0x00007ff932a91000 	c:\Program Files\Python310\DLLs\pyexpat.pyd
0x00007ff932e80000 - 0x00007ff932e96000 	C:\Users\it\AppData\Roaming\Python\Python310\site-packages\psutil\_psutil_windows.pyd
0x00007ff9680f0000 - 0x00007ff9680f8000 	C:\Windows\System32\PSAPI.DLL
0x00007ff9670a0000 - 0x00007ff9670eb000 	C:\Windows\SYSTEM32\POWRPROF.dll
0x00007ff952670000 - 0x00007ff9526c1000 	C:\Windows\SYSTEM32\pdh.dll
0x00007ff967080000 - 0x00007ff967092000 	C:\Windows\SYSTEM32\UMPDC.dll
0x00007ff962dd0000 - 0x00007ff962de4000 	C:\Windows\SYSTEM32\wtsapi32.dll
0x00007ff9682d0000 - 0x00007ff9682d8000 	C:\Windows\System32\NSI.dll
0x00007ff961c40000 - 0x00007ff961c57000 	C:\Windows\SYSTEM32\dhcpcsvc6.DLL
0x00007ff961bb0000 - 0x00007ff961bcd000 	C:\Windows\SYSTEM32\dhcpcsvc.DLL
0x00007ff966af0000 - 0x00007ff966bba000 	C:\Windows\SYSTEM32\DNSAPI.dll
0x00007ff965620000 - 0x00007ff965632000 	C:\Windows\SYSTEM32\kernel.appcore.dll
0x00007ff931440000 - 0x00007ff931495000 	C:\Users\it\AppData\Roaming\Python\Python310\site-packages\debugpy\_vendored\pydevd\_pydevd_bundle\pydevd_cython.cp310-win_amd64.pyd
0x00007ff969970000 - 0x00007ff969a1d000 	C:\Windows\System32\shcore.dll
0x00007ff932cd0000 - 0x00007ff932cf0000 	c:\Program Files\Python310\DLLs\_elementtree.pyd
0x00007ff924ba0000 - 0x00007ff924fb5000 	C:\Users\it\AppData\Roaming\Python\Python310\site-packages\numpy\_core\_multiarray_umath.cp310-win_amd64.pyd
0x00007ff9308b0000 - 0x00007ff93093d000 	C:\Users\it\AppData\Roaming\Python\Python310\site-packages\numpy.libs\msvcp140-263139962577ecda4cd9469ca360a746.dll
0x00007ff8a5650000 - 0x00007ff8a69cb000 	C:\Users\it\AppData\Roaming\Python\Python310\site-packages\numpy.libs\libscipy_openblas64_-13e2df515630b4a41f92893938845698.dll
0x00007ff943f80000 - 0x00007ff943f8c000 	c:\Program Files\Python310\VCRUNTIME140_1.dll
0x00007ff932870000 - 0x00007ff93288e000 	C:\Users\it\AppData\Roaming\Python\Python310\site-packages\numpy\linalg\_umath_linalg.cp310-win_amd64.pyd
0x00007ff930010000 - 0x00007ff9300c5000 	C:\Users\it\AppData\Roaming\Python\Python310\site-packages\regex\_regex.cp310-win_amd64.pyd
0x00007ff95f390000 - 0x00007ff95f3a1000 	c:\Program Files\Python310\DLLs\_tkinter.pyd
0x00007ff927800000 - 0x00007ff9279c7000 	c:\Program Files\Python310\DLLs\tcl86t.dll
0x00007ff967650000 - 0x00007ff96767e000 	C:\Windows\SYSTEM32\USERENV.dll
0x00007ff94ea70000 - 0x00007ff94ea89000 	C:\Windows\SYSTEM32\NETAPI32.dll
0x00007ff926850000 - 0x00007ff9269cb000 	c:\Program Files\Python310\DLLs\tk86t.dll
0x00007ff968cd0000 - 0x00007ff968daa000 	C:\Windows\System32\COMDLG32.dll
0x00007ff969d80000 - 0x00007ff969ddb000 	C:\Windows\System32\SHLWAPI.dll
0x00007ff966bc0000 - 0x00007ff966c03000 	C:\Windows\SYSTEM32\LOGONCLI.DLL
0x00007ff954ae0000 - 0x00007ff954d7b000 	C:\Windows\WinSxS\amd64_microsoft.windows.common-controls_6595b64144ccf1df_6.0.19041.6456_none_60b8a6cb71f64256\COMCTL32.dll
0x00007ff95c7e0000 - 0x00007ff95c7f9000 	C:\Windows\SYSTEM32\SAMCLI.DLL
0x00007ff966c10000 - 0x00007ff966c1c000 	C:\Windows\SYSTEM32\NETUTILS.DLL
0x00007ff964d30000 - 0x00007ff964dce000 	C:\Windows\system32\uxtheme.dll
0x00007ff969bd0000 - 0x00007ff969ce5000 	C:\Windows\System32\MSCTF.dll
0x00007ff95f380000 - 0x00007ff95f389000 	C:\Program Files\Python310\tcl\reg1.3\tclreg13.dll
0x00007ff95fe00000 - 0x00007ff95fe0a000 	C:\Windows\System32\rasadhlp.dll
0x00007ff95f7b0000 - 0x00007ff95f830000 	C:\Windows\System32\fwpuclnt.dll
0x00007ff967320000 - 0x00007ff967332000 	C:\Windows\System32\MSASN1.dll
0x00007ff952440000 - 0x00007ff9524ec000 	C:\Windows\System32\TextShaping.dll
0x00007ff960230000 - 0x00007ff960329000 	C:\Windows\SYSTEM32\textinputframework.dll
0x00007ff9640e0000 - 0x00007ff9641d2000 	C:\Windows\System32\CoreMessaging.dll
0x00007ff963cb0000 - 0x00007ff96400b000 	C:\Windows\System32\CoreUIComponents.dll
0x00007ff966940000 - 0x00007ff966973000 	C:\Windows\SYSTEM32\ntmarta.dll
0x00007ff9635a0000 - 0x00007ff9636f7000 	C:\Windows\SYSTEM32\wintypes.dll
0x00007ff968100000 - 0x00007ff9681a9000 	C:\Windows\System32\clbcatq.dll
0x00007ff934870000 - 0x00007ff934942000 	C:\Windows\System32\IME\IMEKR\imkrtip.dll
0x00007ff965310000 - 0x00007ff965404000 	C:\Windows\SYSTEM32\PROPSYS.dll
0x00007ff934720000 - 0x00007ff934862000 	C:\Windows\System32\IME\shared\imetip.dll
0x00007ff934560000 - 0x00007ff934714000 	C:\Windows\SYSTEM32\DUI70.dll
0x00007ff947e70000 - 0x00007ff947ed6000 	C:\Windows\SYSTEM32\OLEACC.dll
0x00007ff934510000 - 0x00007ff934551000 	C:\Windows\System32\IME\IMEKR\imkrapi.dll
0x00007ff9623a0000 - 0x00007ff962441000 	C:\Windows\SYSTEM32\policymanager.dll
0x00007ff966780000 - 0x00007ff96680a000 	C:\Windows\SYSTEM32\msvcp110_win.dll
0x00007ff9373a0000 - 0x00007ff9373de000 	C:\Windows\System32\IME\shared\imjkapi.dll
0x00007ff92f880000 - 0x00007ff92f903000 	C:\Users\it\AppData\Roaming\Python\Python310\site-packages\_jpype.pyd
0x00007ff9492f0000 - 0x00007ff949379000 	C:\Windows\SYSTEM32\MSVCP140.dll
0x00007ff8a4a70000 - 0x00007ff8a5650000 	C:\Program Files\Java\jdk-17\bin\server\jvm.dll
0x00007ff965500000 - 0x00007ff965509000 	C:\Windows\SYSTEM32\WSOCK32.dll
0x00007ff954fd0000 - 0x00007ff954ff7000 	C:\Windows\SYSTEM32\WINMM.dll
0x00007ff961c60000 - 0x00007ff961c6a000 	C:\Program Files\Java\jdk-17\bin\jimage.dll
0x00007ff9551f0000 - 0x00007ff9553f1000 	C:\Windows\SYSTEM32\DBGHELP.DLL
0x00007ff947f00000 - 0x00007ff947f34000 	C:\Windows\SYSTEM32\dbgcore.DLL
0x00007ff94f2c0000 - 0x00007ff94f2e5000 	C:\Program Files\Java\jdk-17\bin\java.dll
0x00007ff92f7a0000 - 0x00007ff92f877000 	C:\Program Files\Java\jdk-17\bin\jsvml.dll
0x00007ff9657b0000 - 0x00007ff965f55000 	C:\Windows\SYSTEM32\windows.storage.dll
0x00007ff967040000 - 0x00007ff96706b000 	C:\Windows\SYSTEM32\Wldp.dll
0x00007ff967690000 - 0x00007ff9676b4000 	C:\Windows\SYSTEM32\profapi.dll
0x00007ff95f030000 - 0x00007ff95f049000 	C:\Program Files\Java\jdk-17\bin\net.dll
0x00007ff960990000 - 0x00007ff960a9a000 	C:\Windows\SYSTEM32\WINHTTP.dll
0x00007ff95efa0000 - 0x00007ff95efb6000 	C:\Program Files\Java\jdk-17\bin\nio.dll
0x00007ff94f2a0000 - 0x00007ff94f2b8000 	C:\Program Files\Java\jdk-17\bin\zip.dll
0x00007ff94f290000 - 0x00007ff94f2a0000 	C:\Program Files\Java\jdk-17\bin\verify.dll
0x00007ff931660000 - 0x00007ff93168b000 	C:\Users\it\AppData\Roaming\Python\Python310\site-packages\matplotlib\_c_internal_utils.cp310-win_amd64.pyd
0x00007ff9245f0000 - 0x00007ff92486f000 	C:\Users\it\AppData\Roaming\Python\Python310\site-packages\PIL\_imaging.cp310-win_amd64.pyd
0x00007ff92e710000 - 0x00007ff92e762000 	C:\Users\it\AppData\Roaming\Python\Python310\site-packages\matplotlib\_path.cp310-win_amd64.pyd
0x00007ff92e6b0000 - 0x00007ff92e70b000 	C:\Users\it\AppData\Roaming\Python\Python310\site-packages\matplotlib\_image.cp310-win_amd64.pyd

dbghelp: loaded successfully - version: 4.0.5 - missing functions: none
symbol engine: initialized successfully - sym options: 0x614 - pdb path: .;c:\Program Files\Python310;C:\Windows\SYSTEM32;C:\Users\it\AppData\Roaming\Python\Python310\site-packages\zmq\backend\cython;c:\Program Files\Python310\DLLs;C:\Users\it\AppData\Roaming\Python\Python310\site-packages\tornado;C:\Users\it\AppData\Roaming\Python\Python310\site-packages\psutil;C:\Users\it\AppData\Roaming\Python\Python310\site-packages\debugpy\_vendored\pydevd\_pydevd_bundle;C:\Users\it\AppData\Roaming\Python\Python310\site-packages\numpy\_core;C:\Users\it\AppData\Roaming\Python\Python310\site-packages\numpy.libs;C:\Users\it\AppData\Roaming\Python\Python310\site-packages\numpy\linalg;C:\Users\it\AppData\Roaming\Python\Python310\site-packages\regex;C:\Windows\WinSxS\amd64_microsoft.windows.common-controls_6595b64144ccf1df_6.0.19041.6456_none_60b8a6cb71f64256;C:\Program Files\Python310\tcl\reg1.3;C:\Windows\System32\IME\IMEKR;C:\Windows\System32\IME\shared;C:\Users\it\AppData\Roaming\Python\Python310\site-packages;C:\Program Files\Java\jdk-17\bin\server;C:\Program Files\Java\jdk-17\bin;C:\Users\it\AppData\Roaming\Python\Python310\site-packages\matplotlib;C:\Users\it\AppData\Roaming\Python\Python310\site-packages\PIL;C:\Users\it\AppData\Roaming\Python\Python310\site-packages\kiwisolver;C:\Users\it\AppData\Roaming\Python\Python310\site-packages\matplotlib\backends;C:\Users\it\AppData\Roaming\Python\Python310\site-packages\wordcloud;C:\Windows\HancomIME\x64

VM Arguments:
jvm_args: -Dfile.encoding=UTF8 -ea -Xmx1024m 
java_command: <unknown>
java_class_path (initial): C:\Users\it\AppData\Roaming\Python\Python310\site-packages\konlpy\java;C:\Users\it\AppData\Roaming\Python\Python310\site-packages\konlpy\java\bin;C:\Users\it\AppData\Roaming\Python\Python310\site-packages\konlpy\java\aho-corasick.jar;C:\Users\it\AppData\Roaming\Python\Python310\site-packages\konlpy\java\jhannanum-0.8.4.jar;C:\Users\it\AppData\Roaming\Python\Python310\site-packages\konlpy\java\kkma-2.0.jar;C:\Users\it\AppData\Roaming\Python\Python310\site-packages\konlpy\java\komoran-3.0.jar;C:\Users\it\AppData\Roaming\Python\Python310\site-packages\konlpy\java\open-korean-text-2.1.0.jar;C:\Users\it\AppData\Roaming\Python\Python310\site-packages\konlpy\java\scala-library-2.12.3.jar;C:\Users\it\AppData\Roaming\Python\Python310\site-packages\konlpy\java\shineware-common-1.0.jar;C:\Users\it\AppData\Roaming\Python\Python310\site-packages\konlpy\java\shineware-ds-1.0.jar;C:\Users\it\AppData\Roaming\Python\Python310\site-packages\konlpy\java\snakeyaml-1.12.jar;C:\Users\it\AppData\Roaming\Python\Python310\site-packages\konlpy\java\twitter-text-1.14.7.jar;C:\Users\it\AppData\Roaming\Python\Python310\site-packages\konlpy\java\jhannanum-0.8.4.jar;C:\Users\it\AppData\Roaming\Python\Python310\site-packages\konlpy\java\kkma-2.0.jar;C:\Users\it\AppData\Roaming\Python\Python310\site-packages\konlpy\java\aho-corasick.jar;C:\Users\it\AppData\Roaming\Python\Python310\site-packages\konlpy\java\shineware-common-1.0.jar;C:\Users\it\AppData\Roaming\Python\Python310\site-packages\konlpy\java\shineware-ds-1.0.jar;C:\Users\it\AppData\Roaming\Python\Python310\site-packages\konlpy\java\komoran-3.0.jar;C:\Users\it\AppData\Roaming\Python\Python310\site-packages\konlpy\java\snakeyaml-1.12.jar;C:\Users\it\AppData\Roaming\Python\Python310\site-packages\konlpy\java\scala-library-2.12.3.jar;C:\Users\it\AppData\Roaming\Python\Python310\site-packages\konlpy\java\open-korean-text-2.1.0.jar;C:\Users\it\AppData\Roaming\Python\Python310\site-packages\konlpy\java\twitter-text-1.
Launcher Type: generic

[Global flags]
     intx CICompilerCount                          = 4                                         {product} {ergonomic}
     uint ConcGCThreads                            = 3                                         {product} {ergonomic}
     uint G1ConcRefinementThreads                  = 10                                        {product} {ergonomic}
   size_t G1HeapRegionSize                         = 1048576                                   {product} {ergonomic}
    uintx GCDrainStackTargetSize                   = 64                                        {product} {ergonomic}
   size_t InitialHeapSize                          = 264241152                                 {product} {ergonomic}
   size_t MarkStackSize                            = 4194304                                   {product} {ergonomic}
   size_t MaxHeapSize                              = 1073741824                                {product} {command line}
   size_t MaxNewSize                               = 643825664                                 {product} {ergonomic}
   size_t MinHeapDeltaBytes                        = 1048576                                   {product} {ergonomic}
   size_t MinHeapSize                              = 8388608                                   {product} {ergonomic}
    uintx NonNMethodCodeHeapSize                   = 5839372                                {pd product} {ergonomic}
    uintx NonProfiledCodeHeapSize                  = 122909434                              {pd product} {ergonomic}
    uintx ProfiledCodeHeapSize                     = 122909434                              {pd product} {ergonomic}
    uintx ReservedCodeCacheSize                    = 251658240                              {pd product} {ergonomic}
     bool SegmentedCodeCache                       = true                                      {product} {ergonomic}
   size_t SoftMaxHeapSize                          = 1073741824                             {manageable} {ergonomic}
     bool UseCompressedClassPointers               = true                           {product lp64_product} {ergonomic}
     bool UseCompressedOops                        = true                           {product lp64_product} {ergonomic}
     bool UseG1GC                                  = true                                      {product} {ergonomic}
     bool UseLargePagesIndividualAllocation        = false                                  {pd product} {ergonomic}

Logging:
Log output configuration:
 #0: stdout all=warning uptime,level,tags
 #1: stderr all=off uptime,level,tags

Environment Variables:
JAVA_HOME=C:\Program Files\Java\jdk-17
PATH=c:\Program Files\Python310;c:\Users\it\AppData\Roaming\Python\Python310\Scripts;C:\Program Files\Python310\Scripts\;C:\Program Files\Python310\;C:\Program Files\Java\jdk-17\bin;C:\Users\it\Documents\mongodb-8.2.6\bin;C:\Users\it\Documents\mongosh-2.8.3\bin;C:\flutter\bin;C:\Windows\System32;C:\Program Files\Git\cmd;C:\Program Files\Git\bin;C:\Windows;C:\Windows\System32\Wbem;C:\Windows\System32\WindowsPowerShell\v1.0\;C:\Windows\System32\OpenSSH\;C:\Program Files\Bandizip\;C:\Program Files\Docker\Docker\resources\bin;C:\Program Files\nodejs\;C:\Users\it\AppData\Local\Microsoft\WindowsApps;C:\Users\it\AppData\Local\Programs\Microsoft VS Code\bin;C:\Users\it\AppData\Local\JetBrains\Toolbox\scripts;C:\Users\it\AppData\Roaming\npm;C:\Users\it\AppData\Local\Python\bin;C:\Program Files\Python310\Scripts\;C:\Program Files\Python310\;C:\Program Files\Java\jdk-17\bin;C:\Users\it\Documents\mongodb-8.2.6\bin;C:\Users\it\Documents\mongosh-2.8.3\bin;C:\flutter\bin;C:\Windows\System32;C:\Program Files\Git\cmd;C:\Program Files\Git\bin;C:\Windows;C:\Windows\System32\Wbem;C:\Windows\System32\WindowsPowerShell\v1.0\;C:\Windows\System32\OpenSSH\;C:\Program Files\Bandizip\;C:\Program Files\Docker\Docker\resources\bin;C:\Program Files\nodejs\;C:\Users\it\AppData\Local\Microsoft\WindowsApps;C:\Users\it\AppData\Local\Programs\Microsoft VS Code\bin;C:\Users\it\AppData\Local\JetBrains\Toolbox\scripts;C:\Users\it\AppData\Roaming\npm;C:\Users\it\AppData\Local\Python\bin
USERNAME=it
OS=Windows_NT
PROCESSOR_IDENTIFIER=Intel64 Family 6 Model 165 Stepping 3, GenuineIntel



---------------  S Y S T E M  ---------------

OS:
 Windows 10 , 64 bit Build 19041 (10.0.19041.5915)
OS uptime: 7 days 0:59 hours
Hyper-V role detected

CPU: total 12 (initial active 12) (6 cores per cpu, 2 threads per core) family 6 model 165 stepping 3 microcode 0xcc, cx8, cmov, fxsr, ht, mmx, 3dnowpref, sse, sse2, sse3, ssse3, sse4.1, sse4.2, popcnt, lzcnt, tsc, tscinvbit, avx, avx2, aes, erms, clmul, bmi1, bmi2, adx, fma, vzeroupper, clflush, clflushopt, hv

Memory: 4k page, system-wide physical 16028M (2704M free)
TotalPageFile size 22172M (AvailPageFile size 3478M)
current process WorkingSet (physical memory assigned to process): 413M, peak: 466M
current process commit charge ("private bytes"): 935M, peak: 1139M

vm_info: Java HotSpot(TM) 64-Bit Server VM (17.0.12+8-LTS-286) for windows-amd64 JRE (17.0.12+8-LTS-286), built on Jun  5 2024 06:46:59 by "mach5one" with MS VC++ 17.6 (VS2022)

END.
